::1 - - [Thu, 22 Jun 2017 06:48:21 GMT] "GET /favicon.ico HTTP/1.1" 404 1676 "http://localhost:3000/" "Mozilla/5.0 (Macintosh; Intel Mac OS X 10_11_6) AppleWebKit/537.36 (KHTML, like Gecko) Chrome/58.0.3029.110 Safari/537.36"
::1 - - [Thu, 22 Jun 2017 06:53:19 GMT] "GET /login HTTP/1.1" 404 1599 "http://localhost:3000/" "Mozilla/5.0 (Macintosh; Intel Mac OS X 10_11_6) AppleWebKit/537.36 (KHTML, like Gecko) Chrome/58.0.3029.110 Safari/537.36"
::1 - - [Thu, 22 Jun 2017 09:47:43 GMT] "GET / HTTP/1.1" 404 1599 "http://localhost:3000/reg" "Mozilla/5.0 (Macintosh; Intel Mac OS X 10_11_6) AppleWebKit/537.36 (KHTML, like Gecko) Chrome/58.0.3029.110 Safari/537.36"
::1 - - [Thu, 22 Jun 2017 10:10:36 GMT] "GET /post HTTP/1.1" 404 1599 "http://localhost:3000/" "Mozilla/5.0 (Macintosh; Intel Mac OS X 10_11_6) AppleWebKit/537.36 (KHTML, like Gecko) Chrome/58.0.3029.110 Safari/537.36"
::1 - - [Thu, 22 Jun 2017 10:11:15 GMT] "GET /post HTTP/1.1" 404 1599 "http://localhost:3000/" "Mozilla/5.0 (Macintosh; Intel Mac OS X 10_11_6) AppleWebKit/537.36 (KHTML, like Gecko) Chrome/58.0.3029.110 Safari/537.36"
::1 - - [Thu, 22 Jun 2017 10:13:31 GMT] "GET /post HTTP/1.1" 404 1599 "http://localhost:3000/" "Mozilla/5.0 (Macintosh; Intel Mac OS X 10_11_6) AppleWebKit/537.36 (KHTML, like Gecko) Chrome/58.0.3029.110 Safari/537.36"
::1 - - [Thu, 22 Jun 2017 10:13:59 GMT] "GET /logout HTTP/1.1" 404 1599 "http://localhost:3000/" "Mozilla/5.0 (Macintosh; Intel Mac OS X 10_11_6) AppleWebKit/537.36 (KHTML, like Gecko) Chrome/58.0.3029.110 Safari/537.36"
::1 - - [Thu, 22 Jun 2017 10:18:06 GMT] "GET /logout HTTP/1.1" 404 1599 "http://localhost:3000/" "Mozilla/5.0 (Macintosh; Intel Mac OS X 10_11_6) AppleWebKit/537.36 (KHTML, like Gecko) Chrome/58.0.3029.110 Safari/537.36"
::1 - - [Thu, 22 Jun 2017 10:19:43 GMT] "GET /logout HTTP/1.1" 404 1599 "http://localhost:3000/" "Mozilla/5.0 (Macintosh; Intel Mac OS X 10_11_6) AppleWebKit/537.36 (KHTML, like Gecko) Chrome/58.0.3029.110 Safari/537.36"
::1 - - [Thu, 22 Jun 2017 10:19:57 GMT] "GET /post HTTP/1.1" 404 1599 "http://localhost:3000/" "Mozilla/5.0 (Macintosh; Intel Mac OS X 10_11_6) AppleWebKit/537.36 (KHTML, like Gecko) Chrome/58.0.3029.110 Safari/537.36"
::1 - - [Thu, 22 Jun 2017 10:20:27 GMT] "GET /login HTTP/1.1" 404 1599 "http://localhost:3000/" "Mozilla/5.0 (Macintosh; Intel Mac OS X 10_11_6) AppleWebKit/537.36 (KHTML, like Gecko) Chrome/58.0.3029.110 Safari/537.36"
::1 - - [Thu, 22 Jun 2017 10:21:56 GMT] "GET /login HTTP/1.1" 404 1599 "http://localhost:3000/" "Mozilla/5.0 (Macintosh; Intel Mac OS X 10_11_6) AppleWebKit/537.36 (KHTML, like Gecko) Chrome/58.0.3029.110 Safari/537.36"
::1 - - [Thu, 22 Jun 2017 10:23:01 GMT] "GET /login HTTP/1.1" 404 1599 "http://localhost:3000/" "Mozilla/5.0 (Macintosh; Intel Mac OS X 10_11_6) AppleWebKit/537.36 (KHTML, like Gecko) Chrome/58.0.3029.110 Safari/537.36"
::1 - - [Thu, 22 Jun 2017 10:26:48 GMT] "GET /login HTTP/1.1" 404 1599 "http://localhost:3000/reg" "Mozilla/5.0 (Macintosh; Intel Mac OS X 10_11_6) AppleWebKit/537.36 (KHTML, like Gecko) Chrome/58.0.3029.110 Safari/537.36"
::1 - - [Thu, 22 Jun 2017 10:27:22 GMT] "GET /login HTTP/1.1" 404 1599 "http://localhost:3000/reg" "Mozilla/5.0 (Macintosh; Intel Mac OS X 10_11_6) AppleWebKit/537.36 (KHTML, like Gecko) Chrome/58.0.3029.110 Safari/537.36"
::1 - - [Thu, 22 Jun 2017 10:27:36 GMT] "GET /login HTTP/1.1" 404 1599 "http://localhost:3000/" "Mozilla/5.0 (Macintosh; Intel Mac OS X 10_11_6) AppleWebKit/537.36 (KHTML, like Gecko) Chrome/58.0.3029.110 Safari/537.36"
::1 - - [Thu, 22 Jun 2017 10:28:16 GMT] "GET /login HTTP/1.1" 404 1599 "http://localhost:3000/" "Mozilla/5.0 (Macintosh; Intel Mac OS X 10_11_6) AppleWebKit/537.36 (KHTML, like Gecko) Chrome/58.0.3029.110 Safari/537.36"
::1 - - [Thu, 22 Jun 2017 10:29:46 GMT] "GET /login HTTP/1.1" 404 1599 "http://localhost:3000/" "Mozilla/5.0 (Macintosh; Intel Mac OS X 10_11_6) AppleWebKit/537.36 (KHTML, like Gecko) Chrome/58.0.3029.110 Safari/537.36"
::1 - - [Thu, 22 Jun 2017 10:30:04 GMT] "GET /login HTTP/1.1" 404 1599 "http://localhost:3000/" "Mozilla/5.0 (Macintosh; Intel Mac OS X 10_11_6) AppleWebKit/537.36 (KHTML, like Gecko) Chrome/58.0.3029.110 Safari/537.36"
::1 - - [Thu, 22 Jun 2017 10:31:33 GMT] "GET /login HTTP/1.1" 404 1599 "http://localhost:3000/" "Mozilla/5.0 (Macintosh; Intel Mac OS X 10_11_6) AppleWebKit/537.36 (KHTML, like Gecko) Chrome/58.0.3029.110 Safari/537.36"
::1 - - [Fri, 23 Jun 2017 02:50:24 GMT] "GET /login HTTP/1.1" 404 1599 "http://localhost:3000/" "Mozilla/5.0 (Macintosh; Intel Mac OS X 10_11_6) AppleWebKit/537.36 (KHTML, like Gecko) Chrome/58.0.3029.110 Safari/537.36"
::1 - - [Fri, 23 Jun 2017 02:50:37 GMT] "GET /login HTTP/1.1" 404 1599 "http://localhost:3000/" "Mozilla/5.0 (Macintosh; Intel Mac OS X 10_11_6) AppleWebKit/537.36 (KHTML, like Gecko) Chrome/58.0.3029.110 Safari/537.36"
::1 - - [Fri, 23 Jun 2017 03:26:21 GMT] "GET /post HTTP/1.1" 404 1599 "http://localhost:3000/" "Mozilla/5.0 (Macintosh; Intel Mac OS X 10_11_6) AppleWebKit/537.36 (KHTML, like Gecko) Chrome/58.0.3029.110 Safari/537.36"
::1 - - [Fri, 23 Jun 2017 03:26:58 GMT] "GET /logout HTTP/1.1" 404 1599 "http://localhost:3000/" "Mozilla/5.0 (Macintosh; Intel Mac OS X 10_11_6) AppleWebKit/537.36 (KHTML, like Gecko) Chrome/58.0.3029.110 Safari/537.36"
::1 - - [Fri, 23 Jun 2017 03:27:41 GMT] "GET /logout HTTP/1.1" 404 1599 "http://localhost:3000/" "Mozilla/5.0 (Macintosh; Intel Mac OS X 10_11_6) AppleWebKit/537.36 (KHTML, like Gecko) Chrome/58.0.3029.110 Safari/537.36"
::1 - - [Fri, 23 Jun 2017 03:28:55 GMT] "GET /logout HTTP/1.1" 404 1599 "http://localhost:3000/" "Mozilla/5.0 (Macintosh; Intel Mac OS X 10_11_6) AppleWebKit/537.36 (KHTML, like Gecko) Chrome/58.0.3029.110 Safari/537.36"
::1 - - [Fri, 23 Jun 2017 03:29:49 GMT] "GET /logout HTTP/1.1" 404 1599 "http://localhost:3000/" "Mozilla/5.0 (Macintosh; Intel Mac OS X 10_11_6) AppleWebKit/537.36 (KHTML, like Gecko) Chrome/58.0.3029.110 Safari/537.36"
::1 - - [Fri, 23 Jun 2017 03:30:10 GMT] "GET /logout HTTP/1.1" 404 1599 "http://localhost:3000/" "Mozilla/5.0 (Macintosh; Intel Mac OS X 10_11_6) AppleWebKit/537.36 (KHTML, like Gecko) Chrome/58.0.3029.110 Safari/537.36"
::1 - - [Fri, 23 Jun 2017 08:48:41 GMT] "GET / HTTP/1.1" 404 1599 "http://localhost:3000/" "Mozilla/5.0 (Macintosh; Intel Mac OS X 10_11_6) AppleWebKit/537.36 (KHTML, like Gecko) Chrome/58.0.3029.110 Safari/537.36"
::1 - - [Fri, 23 Jun 2017 08:55:04 GMT] "GET / HTTP/1.1" 404 1599 "http://localhost:3000/" "Mozilla/5.0 (Macintosh; Intel Mac OS X 10_11_6) AppleWebKit/537.36 (KHTML, like Gecko) Chrome/58.0.3029.110 Safari/537.36"
::1 - - [Fri, 23 Jun 2017 08:56:34 GMT] "GET / HTTP/1.1" 404 1599 "http://localhost:3000/" "Mozilla/5.0 (Macintosh; Intel Mac OS X 10_11_6) AppleWebKit/537.36 (KHTML, like Gecko) Chrome/58.0.3029.110 Safari/537.36"
::1 - - [Fri, 23 Jun 2017 09:01:07 GMT] "GET / HTTP/1.1" 404 1599 "http://localhost:3000/" "Mozilla/5.0 (Macintosh; Intel Mac OS X 10_11_6) AppleWebKit/537.36 (KHTML, like Gecko) Chrome/58.0.3029.110 Safari/537.36"
::1 - - [Fri, 23 Jun 2017 09:01:12 GMT] "GET / HTTP/1.1" 404 1599 "http://localhost:3000/" "Mozilla/5.0 (Macintosh; Intel Mac OS X 10_11_6) AppleWebKit/537.36 (KHTML, like Gecko) Chrome/58.0.3029.110 Safari/537.36"
::1 - - [Fri, 23 Jun 2017 09:02:52 GMT] "GET /post HTTP/1.1" 500 56 "-" "Mozilla/5.0 (Macintosh; Intel Mac OS X 10_11_6) AppleWebKit/537.36 (KHTML, like Gecko) Chrome/58.0.3029.110 Safari/537.36"
::1 - - [Fri, 23 Jun 2017 09:03:04 GMT] "GET / HTTP/1.1" 404 1599 "http://localhost:3000/login" "Mozilla/5.0 (Macintosh; Intel Mac OS X 10_11_6) AppleWebKit/537.36 (KHTML, like Gecko) Chrome/58.0.3029.110 Safari/537.36"
::1 - - [Fri, 23 Jun 2017 09:06:41 GMT] "GET / HTTP/1.1" 404 1599 "http://localhost:3000/login" "Mozilla/5.0 (Macintosh; Intel Mac OS X 10_11_6) AppleWebKit/537.36 (KHTML, like Gecko) Chrome/58.0.3029.110 Safari/537.36"
::1 - - [Fri, 23 Jun 2017 09:07:13 GMT] "GET / HTTP/1.1" 404 1599 "http://localhost:3000/post" "Mozilla/5.0 (Macintosh; Intel Mac OS X 10_11_6) AppleWebKit/537.36 (KHTML, like Gecko) Chrome/58.0.3029.110 Safari/537.36"
::1 - - [Fri, 23 Jun 2017 09:12:19 GMT] "GET / HTTP/1.1" 404 1599 "http://localhost:3000/post" "Mozilla/5.0 (Macintosh; Intel Mac OS X 10_11_6) AppleWebKit/537.36 (KHTML, like Gecko) Chrome/58.0.3029.110 Safari/537.36"
::1 - - [Fri, 23 Jun 2017 09:14:32 GMT] "GET / HTTP/1.1" 404 1599 "http://localhost:3000/post" "Mozilla/5.0 (Macintosh; Intel Mac OS X 10_11_6) AppleWebKit/537.36 (KHTML, like Gecko) Chrome/58.0.3029.110 Safari/537.36"
::1 - - [Fri, 23 Jun 2017 09:14:36 GMT] "GET / HTTP/1.1" 404 1599 "http://localhost:3000/post" "Mozilla/5.0 (Macintosh; Intel Mac OS X 10_11_6) AppleWebKit/537.36 (KHTML, like Gecko) Chrome/58.0.3029.110 Safari/537.36"
::1 - - [Fri, 23 Jun 2017 09:18:01 GMT] "GET / HTTP/1.1" 404 1599 "http://localhost:3000/post" "Mozilla/5.0 (Macintosh; Intel Mac OS X 10_11_6) AppleWebKit/537.36 (KHTML, like Gecko) Chrome/58.0.3029.110 Safari/537.36"
::1 - - [Fri, 23 Jun 2017 09:18:04 GMT] "GET / HTTP/1.1" 404 1599 "http://localhost:3000/post" "Mozilla/5.0 (Macintosh; Intel Mac OS X 10_11_6) AppleWebKit/537.36 (KHTML, like Gecko) Chrome/58.0.3029.110 Safari/537.36"
::1 - - [Fri, 23 Jun 2017 09:18:05 GMT] "GET / HTTP/1.1" 404 1599 "http://localhost:3000/post" "Mozilla/5.0 (Macintosh; Intel Mac OS X 10_11_6) AppleWebKit/537.36 (KHTML, like Gecko) Chrome/58.0.3029.110 Safari/537.36"
::1 - - [Fri, 23 Jun 2017 09:18:09 GMT] "GET / HTTP/1.1" 404 1599 "http://localhost:3000/post" "Mozilla/5.0 (Macintosh; Intel Mac OS X 10_11_6) AppleWebKit/537.36 (KHTML, like Gecko) Chrome/58.0.3029.110 Safari/537.36"
::1 - - [Fri, 23 Jun 2017 09:18:16 GMT] "GET / HTTP/1.1" 404 1599 "-" "Mozilla/5.0 (Macintosh; Intel Mac OS X 10_11_6) AppleWebKit/537.36 (KHTML, like Gecko) Chrome/58.0.3029.110 Safari/537.36"
::1 - - [Fri, 23 Jun 2017 09:18:23 GMT] "GET / HTTP/1.1" 404 1599 "-" "Mozilla/5.0 (Macintosh; Intel Mac OS X 10_11_6) AppleWebKit/537.36 (KHTML, like Gecko) Chrome/58.0.3029.110 Safari/537.36"
::1 - - [Fri, 23 Jun 2017 09:19:45 GMT] "GET / HTTP/1.1" 404 1599 "-" "Mozilla/5.0 (Macintosh; Intel Mac OS X 10_11_6) AppleWebKit/537.36 (KHTML, like Gecko) Chrome/58.0.3029.110 Safari/537.36"
::1 - - [Fri, 23 Jun 2017 09:19:50 GMT] "GET /register HTTP/1.1" 404 1676 "-" "Mozilla/5.0 (Macintosh; Intel Mac OS X 10_11_6) AppleWebKit/537.36 (KHTML, like Gecko) Chrome/58.0.3029.110 Safari/537.36"
::1 - - [Fri, 23 Jun 2017 09:20:15 GMT] "GET / HTTP/1.1" 404 1599 "-" "Mozilla/5.0 (Macintosh; Intel Mac OS X 10_11_6) AppleWebKit/537.36 (KHTML, like Gecko) Chrome/58.0.3029.110 Safari/537.36"
::1 - - [Fri, 23 Jun 2017 09:20:24 GMT] "GET / HTTP/1.1" 404 1599 "-" "Mozilla/5.0 (Macintosh; Intel Mac OS X 10_11_6) AppleWebKit/537.36 (KHTML, like Gecko) Chrome/58.0.3029.110 Safari/537.36"
::1 - - [Fri, 23 Jun 2017 09:43:49 GMT] "GET / HTTP/1.1" 404 1599 "-" "Mozilla/5.0 (Macintosh; Intel Mac OS X 10_11_6) AppleWebKit/537.36 (KHTML, like Gecko) Chrome/58.0.3029.110 Safari/537.36"
::1 - - [Fri, 23 Jun 2017 09:47:10 GMT] "GET / HTTP/1.1" 404 1599 "http://localhost:3000/post" "Mozilla/5.0 (Macintosh; Intel Mac OS X 10_11_6) AppleWebKit/537.36 (KHTML, like Gecko) Chrome/58.0.3029.110 Safari/537.36"
::1 - - [Fri, 23 Jun 2017 10:27:43 GMT] "POST /upload HTTP/1.1" 404 1599 "http://localhost:3000/upload" "Mozilla/5.0 (Macintosh; Intel Mac OS X 10_11_6) AppleWebKit/537.36 (KHTML, like Gecko) Chrome/58.0.3029.110 Safari/537.36"
::1 - - [Sat, 24 Jun 2017 03:05:13 GMT] "GET / HTTP/1.1" 404 1599 "-" "Mozilla/5.0 (Macintosh; Intel Mac OS X 10_11_6) AppleWebKit/537.36 (KHTML, like Gecko) Chrome/58.0.3029.110 Safari/537.36"
::1 - - [Sat, 24 Jun 2017 03:05:13 GMT] "GET /favicon.ico HTTP/1.1" 404 1676 "http://localhost:3000/" "Mozilla/5.0 (Macintosh; Intel Mac OS X 10_11_6) AppleWebKit/537.36 (KHTML, like Gecko) Chrome/58.0.3029.110 Safari/537.36"
::1 - - [Sat, 24 Jun 2017 03:06:45 GMT] "GET / HTTP/1.1" 404 1599 "-" "Mozilla/5.0 (Macintosh; Intel Mac OS X 10_11_6) AppleWebKit/537.36 (KHTML, like Gecko) Chrome/58.0.3029.110 Safari/537.36"
::1 - - [Sat, 24 Jun 2017 03:06:50 GMT] "GET / HTTP/1.1" 404 1599 "-" "Mozilla/5.0 (Macintosh; Intel Mac OS X 10_11_6) AppleWebKit/537.36 (KHTML, like Gecko) Chrome/58.0.3029.110 Safari/537.36"
::1 - - [Sat, 24 Jun 2017 03:08:28 GMT] "GET / HTTP/1.1" 404 1599 "-" "Mozilla/5.0 (Macintosh; Intel Mac OS X 10_11_6) AppleWebKit/537.36 (KHTML, like Gecko) Chrome/58.0.3029.110 Safari/537.36"
::1 - - [Sat, 24 Jun 2017 03:11:21 GMT] "GET /u/someone HTTP/1.1" 404 1676 "http://localhost:3000/" "Mozilla/5.0 (Macintosh; Intel Mac OS X 10_11_6) AppleWebKit/537.36 (KHTML, like Gecko) Chrome/58.0.3029.110 Safari/537.36"
::1 - - [Sat, 24 Jun 2017 03:11:26 GMT] "GET /u/someone/2017-06-23/%E6%B5%B7%E8%B4%BC%E7%8E%8B HTTP/1.1" 404 1676 "http://localhost:3000/" "Mozilla/5.0 (Macintosh; Intel Mac OS X 10_11_6) AppleWebKit/537.36 (KHTML, like Gecko) Chrome/58.0.3029.110 Safari/537.36"
::1 - - [Sat, 24 Jun 2017 03:43:50 GMT] "GET / HTTP/1.1" 404 1599 "-" "Mozilla/5.0 (Macintosh; Intel Mac OS X 10_11_6) AppleWebKit/537.36 (KHTML, like Gecko) Chrome/58.0.3029.110 Safari/537.36"
::1 - - [Sat, 24 Jun 2017 03:43:55 GMT] "GET / HTTP/1.1" 404 1599 "-" "Mozilla/5.0 (Macintosh; Intel Mac OS X 10_11_6) AppleWebKit/537.36 (KHTML, like Gecko) Chrome/58.0.3029.110 Safari/537.36"
::1 - - [Sat, 24 Jun 2017 03:45:29 GMT] "GET / HTTP/1.1" 404 1599 "-" "Mozilla/5.0 (Macintosh; Intel Mac OS X 10_11_6) AppleWebKit/537.36 (KHTML, like Gecko) Chrome/58.0.3029.110 Safari/537.36"
::1 - - [Sat, 24 Jun 2017 03:45:48 GMT] "GET /reqister HTTP/1.1" 404 1676 "-" "Mozilla/5.0 (Macintosh; Intel Mac OS X 10_11_6) AppleWebKit/537.36 (KHTML, like Gecko) Chrome/58.0.3029.110 Safari/537.36"
::1 - - [Sat, 24 Jun 2017 03:47:00 GMT] "GET / HTTP/1.1" 404 1599 "-" "Mozilla/5.0 (Macintosh; Intel Mac OS X 10_11_6) AppleWebKit/537.36 (KHTML, like Gecko) Chrome/58.0.3029.110 Safari/537.36"
::1 - - [Sat, 24 Jun 2017 03:47:54 GMT] "GET / HTTP/1.1" 404 1599 "-" "Mozilla/5.0 (Macintosh; Intel Mac OS X 10_11_6) AppleWebKit/537.36 (KHTML, like Gecko) Chrome/58.0.3029.110 Safari/537.36"
::1 - - [Sat, 24 Jun 2017 03:48:00 GMT] "GET / HTTP/1.1" 404 1599 "-" "Mozilla/5.0 (Macintosh; Intel Mac OS X 10_11_6) AppleWebKit/537.36 (KHTML, like Gecko) Chrome/58.0.3029.110 Safari/537.36"
::1 - - [Sat, 24 Jun 2017 03:49:23 GMT] "GET / HTTP/1.1" 404 1599 "-" "Mozilla/5.0 (Macintosh; Intel Mac OS X 10_11_6) AppleWebKit/537.36 (KHTML, like Gecko) Chrome/58.0.3029.110 Safari/537.36"
::1 - - [Sat, 24 Jun 2017 03:50:16 GMT] "GET / HTTP/1.1" 404 1599 "-" "Mozilla/5.0 (Macintosh; Intel Mac OS X 10_11_6) AppleWebKit/537.36 (KHTML, like Gecko) Chrome/58.0.3029.110 Safari/537.36"
::1 - - [Sat, 24 Jun 2017 03:52:05 GMT] "GET / HTTP/1.1" 404 1599 "-" "Mozilla/5.0 (Macintosh; Intel Mac OS X 10_11_6) AppleWebKit/537.36 (KHTML, like Gecko) Chrome/58.0.3029.110 Safari/537.36"
::1 - - [Sat, 24 Jun 2017 03:53:08 GMT] "GET / HTTP/1.1" 404 1599 "-" "Mozilla/5.0 (Macintosh; Intel Mac OS X 10_11_6) AppleWebKit/537.36 (KHTML, like Gecko) Chrome/58.0.3029.110 Safari/537.36"
::1 - - [Sat, 24 Jun 2017 03:56:23 GMT] "GET /u/someone/2017-06-23/%E6%B5%B7%E8%B4%BC%E7%8E%8B HTTP/1.1" 404 1599 "http://localhost:3000/" "Mozilla/5.0 (Macintosh; Intel Mac OS X 10_11_6) AppleWebKit/537.36 (KHTML, like Gecko) Chrome/58.0.3029.110 Safari/537.36"
::1 - - [Sat, 24 Jun 2017 05:46:58 GMT] "GET /u/someone/2017-06-23/%E6%B5%B7%E8%B4%BC%E7%8E%8B HTTP/1.1" 404 1599 "http://localhost:3000/" "Mozilla/5.0 (Macintosh; Intel Mac OS X 10_11_6) AppleWebKit/537.36 (KHTML, like Gecko) Chrome/58.0.3029.110 Safari/537.36"
::1 - - [Sat, 24 Jun 2017 05:47:07 GMT] "GET /u/someone HTTP/1.1" 404 1599 "http://localhost:3000/" "Mozilla/5.0 (Macintosh; Intel Mac OS X 10_11_6) AppleWebKit/537.36 (KHTML, like Gecko) Chrome/58.0.3029.110 Safari/537.36"
::1 - - [Sat, 24 Jun 2017 05:51:25 GMT] "GET /u/someone HTTP/1.1" 404 1599 "http://localhost:3000/" "Mozilla/5.0 (Macintosh; Intel Mac OS X 10_11_6) AppleWebKit/537.36 (KHTML, like Gecko) Chrome/58.0.3029.110 Safari/537.36"
::1 - - [Sat, 24 Jun 2017 05:52:45 GMT] "GET /u/someone/2017-06-23/%E6%B5%B7%E8%B4%BC%E7%8E%8B HTTP/1.1" 404 1599 "http://localhost:3000/" "Mozilla/5.0 (Macintosh; Intel Mac OS X 10_11_6) AppleWebKit/537.36 (KHTML, like Gecko) Chrome/58.0.3029.110 Safari/537.36"
::1 - - [Sat, 24 Jun 2017 05:54:23 GMT] "GET /u/someone HTTP/1.1" 404 1599 "http://localhost:3000/" "Mozilla/5.0 (Macintosh; Intel Mac OS X 10_11_6) AppleWebKit/537.36 (KHTML, like Gecko) Chrome/58.0.3029.110 Safari/537.36"
::1 - - [Sat, 24 Jun 2017 05:57:48 GMT] "GET /u/someone HTTP/1.1" 404 1599 "http://localhost:3000/" "Mozilla/5.0 (Macintosh; Intel Mac OS X 10_11_6) AppleWebKit/537.36 (KHTML, like Gecko) Chrome/58.0.3029.110 Safari/537.36"
::1 - - [Sat, 24 Jun 2017 05:59:01 GMT] "GET /u/someone/2017-06-23/%E6%B5%B7%E8%B4%BC%E7%8E%8B HTTP/1.1" 404 1599 "http://localhost:3000/" "Mozilla/5.0 (Macintosh; Intel Mac OS X 10_11_6) AppleWebKit/537.36 (KHTML, like Gecko) Chrome/58.0.3029.110 Safari/537.36"
::1 - - [Sat, 24 Jun 2017 05:59:06 GMT] "GET /u/someone HTTP/1.1" 404 1599 "http://localhost:3000/" "Mozilla/5.0 (Macintosh; Intel Mac OS X 10_11_6) AppleWebKit/537.36 (KHTML, like Gecko) Chrome/58.0.3029.110 Safari/537.36"
::1 - - [Sat, 24 Jun 2017 06:04:28 GMT] "GET /u/someone/2017-06-23/%E6%B5%B7%E8%B4%BC%E7%8E%8B HTTP/1.1" 404 1599 "http://localhost:3000/" "Mozilla/5.0 (Macintosh; Intel Mac OS X 10_11_6) AppleWebKit/537.36 (KHTML, like Gecko) Chrome/58.0.3029.110 Safari/537.36"
::1 - - [Sat, 24 Jun 2017 06:13:31 GMT] "GET /u/someone HTTP/1.1" 404 1599 "http://localhost:3000/" "Mozilla/5.0 (Macintosh; Intel Mac OS X 10_11_6) AppleWebKit/537.36 (KHTML, like Gecko) Chrome/58.0.3029.110 Safari/537.36"
::1 - - [Sat, 24 Jun 2017 06:14:59 GMT] "POST /upload HTTP/1.1" 404 1599 "http://localhost:3000/upload" "Mozilla/5.0 (Macintosh; Intel Mac OS X 10_11_6) AppleWebKit/537.36 (KHTML, like Gecko) Chrome/58.0.3029.110 Safari/537.36"
::1 - - [Sat, 24 Jun 2017 07:41:39 GMT] "GET /edit/someone/2017-06-23/%E6%B5%B7%E8%B4%BC%E7%8E%8B HTTP/1.1" 404 1599 "http://localhost:3000/u/someone/2017-06-23/%E6%B5%B7%E8%B4%BC%E7%8E%8B" "Mozilla/5.0 (Macintosh; Intel Mac OS X 10_11_6) AppleWebKit/537.36 (KHTML, like Gecko) Chrome/58.0.3029.110 Safari/537.36"
::1 - - [Sat, 24 Jun 2017 09:24:47 GMT] "GET /favicon.ico HTTP/1.1" 404 1676 "http://localhost:3000/" "Mozilla/5.0 (Macintosh; Intel Mac OS X 10_11_6) AppleWebKit/537.36 (KHTML, like Gecko) Chrome/58.0.3029.110 Safari/537.36"
::1 - - [Sat, 24 Jun 2017 11:18:44 GMT] "GET /u/someone/2017-06-23/%E6%B5%B7%E8%B4%BC%E7%8E%8B HTTP/1.1" 404 1599 "-" "Mozilla/5.0 (Macintosh; Intel Mac OS X 10_11_6) AppleWebKit/537.36 (KHTML, like Gecko) Chrome/58.0.3029.110 Safari/537.36"
::1 - - [Sat, 24 Jun 2017 11:18:56 GMT] "GET /u/someone/2017-06-24/%E7%81%AB%E5%BD%B1%E5%BF%8D%E8%80%85 HTTP/1.1" 404 1599 "http://localhost:3000/" "Mozilla/5.0 (Macintosh; Intel Mac OS X 10_11_6) AppleWebKit/537.36 (KHTML, like Gecko) Chrome/58.0.3029.110 Safari/537.36"
::1 - - [Sat, 24 Jun 2017 11:20:00 GMT] "GET /u/someone/2017-06-24/%E7%81%AB%E5%BD%B1%E5%BF%8D%E8%80%85 HTTP/1.1" 404 1599 "http://localhost:3000/" "Mozilla/5.0 (Macintosh; Intel Mac OS X 10_11_6) AppleWebKit/537.36 (KHTML, like Gecko) Chrome/58.0.3029.110 Safari/537.36"
::1 - - [Sat, 24 Jun 2017 11:20:35 GMT] "GET /u/someone/2017-06-24/%E7%81%AB%E5%BD%B1%E5%BF%8D%E8%80%85 HTTP/1.1" 404 1599 "http://localhost:3000/" "Mozilla/5.0 (Macintosh; Intel Mac OS X 10_11_6) AppleWebKit/537.36 (KHTML, like Gecko) Chrome/58.0.3029.110 Safari/537.36"
::1 - - [Sat, 24 Jun 2017 11:32:39 GMT] "GET /u/someone/2017-06-24/%E7%81%AB%E5%BD%B1%E5%BF%8D%E8%80%85 HTTP/1.1" 404 1599 "http://localhost:3000/" "Mozilla/5.0 (Macintosh; Intel Mac OS X 10_11_6) AppleWebKit/537.36 (KHTML, like Gecko) Chrome/58.0.3029.110 Safari/537.36"
::1 - - [Sat, 24 Jun 2017 11:32:44 GMT] "GET /u/someone/2017-06-24/%E7%81%AB%E5%BD%B1%E5%BF%8D%E8%80%85 HTTP/1.1" 404 1599 "http://localhost:3000/" "Mozilla/5.0 (Macintosh; Intel Mac OS X 10_11_6) AppleWebKit/537.36 (KHTML, like Gecko) Chrome/58.0.3029.110 Safari/537.36"
::1 - - [Sat, 24 Jun 2017 11:32:54 GMT] "GET /u/someone/2017-06-24/%E7%81%AB%E5%BD%B1%E5%BF%8D%E8%80%85 HTTP/1.1" 404 1599 "http://localhost:3000/u/someone" "Mozilla/5.0 (Macintosh; Intel Mac OS X 10_11_6) AppleWebKit/537.36 (KHTML, like Gecko) Chrome/58.0.3029.110 Safari/537.36"
::1 - - [Sat, 24 Jun 2017 11:40:47 GMT] "GET /u/someone/2017-06-24/%E7%81%AB%E5%BD%B1%E5%BF%8D%E8%80%85 HTTP/1.1" 404 1599 "http://localhost:3000/u/someone" "Mozilla/5.0 (Macintosh; Intel Mac OS X 10_11_6) AppleWebKit/537.36 (KHTML, like Gecko) Chrome/58.0.3029.110 Safari/537.36"
::1 - - [Sat, 24 Jun 2017 11:48:16 GMT] "GET /u/someone/2017-06-24/%E7%81%AB%E5%BD%B1%E5%BF%8D%E8%80%85 HTTP/1.1" 404 1599 "http://localhost:3000/u/someone" "Mozilla/5.0 (Macintosh; Intel Mac OS X 10_11_6) AppleWebKit/537.36 (KHTML, like Gecko) Chrome/58.0.3029.110 Safari/537.36"
::1 - - [Mon, 26 Jun 2017 03:02:31 GMT] "GET /u/someone/2017-06-24/%E7%81%AB%E5%BD%B1%E5%BF%8D%E8%80%85 HTTP/1.1" 404 1599 "http://localhost:3000/" "Mozilla/5.0 (Macintosh; Intel Mac OS X 10_11_6) AppleWebKit/537.36 (KHTML, like Gecko) Chrome/58.0.3029.110 Safari/537.36"
::1 - - [Mon, 26 Jun 2017 03:04:09 GMT] "GET /u/someone/2017-06-24/%E7%81%AB%E5%BD%B1%E5%BF%8D%E8%80%85 HTTP/1.1" 404 1599 "http://localhost:3000/u/someone" "Mozilla/5.0 (Macintosh; Intel Mac OS X 10_11_6) AppleWebKit/537.36 (KHTML, like Gecko) Chrome/58.0.3029.110 Safari/537.36"
::1 - - [Mon, 26 Jun 2017 03:05:15 GMT] "GET /u/someone/2017-06-24/%E7%81%AB%E5%BD%B1%E5%BF%8D%E8%80%85 HTTP/1.1" 404 1599 "http://localhost:3000/u/someone" "Mozilla/5.0 (Macintosh; Intel Mac OS X 10_11_6) AppleWebKit/537.36 (KHTML, like Gecko) Chrome/58.0.3029.110 Safari/537.36"
::1 - - [Mon, 26 Jun 2017 03:15:58 GMT] "GET /u/someone/2017-06-24/%E7%81%AB%E5%BD%B1%E5%BF%8D%E8%80%85 HTTP/1.1" 404 1599 "http://localhost:3000/" "Mozilla/5.0 (Macintosh; Intel Mac OS X 10_11_6) AppleWebKit/537.36 (KHTML, like Gecko) Chrome/58.0.3029.110 Safari/537.36"
::1 - - [Mon, 26 Jun 2017 03:17:00 GMT] "GET /u/someone/2017-06-23/%E6%B5%B7%E8%B4%BC%E7%8E%8B HTTP/1.1" 404 1599 "http://localhost:3000/" "Mozilla/5.0 (Macintosh; Intel Mac OS X 10_11_6) AppleWebKit/537.36 (KHTML, like Gecko) Chrome/58.0.3029.110 Safari/537.36"
::1 - - [Mon, 26 Jun 2017 03:17:05 GMT] "GET /u/someone/2017-06-24/%E7%81%AB%E5%BD%B1%E5%BF%8D%E8%80%85 HTTP/1.1" 404 1599 "http://localhost:3000/" "Mozilla/5.0 (Macintosh; Intel Mac OS X 10_11_6) AppleWebKit/537.36 (KHTML, like Gecko) Chrome/58.0.3029.110 Safari/537.36"
::1 - - [Mon, 26 Jun 2017 03:17:23 GMT] "GET /u/someone/2017-06-24/%E7%81%AB%E5%BD%B1%E5%BF%8D%E8%80%85 HTTP/1.1" 404 1599 "http://localhost:3000/u/someone" "Mozilla/5.0 (Macintosh; Intel Mac OS X 10_11_6) AppleWebKit/537.36 (KHTML, like Gecko) Chrome/58.0.3029.110 Safari/537.36"
::1 - - [Mon, 26 Jun 2017 03:17:31 GMT] "GET /u/someone/2017-06-24/%E7%81%AB%E5%BD%B1%E5%BF%8D%E8%80%85 HTTP/1.1" 404 1599 "http://localhost:3000/" "Mozilla/5.0 (Macintosh; Intel Mac OS X 10_11_6) AppleWebKit/537.36 (KHTML, like Gecko) Chrome/58.0.3029.110 Safari/537.36"
::1 - - [Mon, 26 Jun 2017 03:18:30 GMT] "GET /u/someone/2017-06-24/%E7%81%AB%E5%BD%B1%E5%BF%8D%E8%80%85 HTTP/1.1" 404 1599 "http://localhost:3000/" "Mozilla/5.0 (Macintosh; Intel Mac OS X 10_11_6) AppleWebKit/537.36 (KHTML, like Gecko) Chrome/58.0.3029.110 Safari/537.36"
::1 - - [Mon, 26 Jun 2017 03:19:53 GMT] "GET /u/someone/2017-06-24/%E7%81%AB%E5%BD%B1%E5%BF%8D%E8%80%85 HTTP/1.1" 404 1599 "http://localhost:3000/" "Mozilla/5.0 (Macintosh; Intel Mac OS X 10_11_6) AppleWebKit/537.36 (KHTML, like Gecko) Chrome/58.0.3029.110 Safari/537.36"
::1 - - [Mon, 26 Jun 2017 03:22:20 GMT] "GET /u/someone/2017-06-24/%E7%81%AB%E5%BD%B1%E5%BF%8D%E8%80%85 HTTP/1.1" 404 1599 "http://localhost:3000/" "Mozilla/5.0 (Macintosh; Intel Mac OS X 10_11_6) AppleWebKit/537.36 (KHTML, like Gecko) Chrome/58.0.3029.110 Safari/537.36"
::1 - - [Mon, 26 Jun 2017 03:22:36 GMT] "GET /u/someone/2017-06-24/%E7%81%AB%E5%BD%B1%E5%BF%8D%E8%80%85 HTTP/1.1" 404 1599 "http://localhost:3000/" "Mozilla/5.0 (Macintosh; Intel Mac OS X 10_11_6) AppleWebKit/537.36 (KHTML, like Gecko) Chrome/58.0.3029.110 Safari/537.36"
::1 - - [Mon, 26 Jun 2017 03:22:43 GMT] "GET /u/someone/2017-06-24/%E7%81%AB%E5%BD%B1%E5%BF%8D%E8%80%85 HTTP/1.1" 404 1599 "http://localhost:3000/" "Mozilla/5.0 (Macintosh; Intel Mac OS X 10_11_6) AppleWebKit/537.36 (KHTML, like Gecko) Chrome/58.0.3029.110 Safari/537.36"
::1 - - [Mon, 26 Jun 2017 03:23:15 GMT] "GET /u/someone/2017-06-24/%E7%81%AB%E5%BD%B1%E5%BF%8D%E8%80%85 HTTP/1.1" 404 1599 "http://localhost:3000/" "Mozilla/5.0 (Macintosh; Intel Mac OS X 10_11_6) AppleWebKit/537.36 (KHTML, like Gecko) Chrome/58.0.3029.110 Safari/537.36"
::1 - - [Mon, 26 Jun 2017 03:23:16 GMT] "GET /u/someone/2017-06-24/%E7%81%AB%E5%BD%B1%E5%BF%8D%E8%80%85 HTTP/1.1" 404 1599 "http://localhost:3000/" "Mozilla/5.0 (Macintosh; Intel Mac OS X 10_11_6) AppleWebKit/537.36 (KHTML, like Gecko) Chrome/58.0.3029.110 Safari/537.36"
::1 - - [Mon, 26 Jun 2017 03:23:33 GMT] "GET /u/someone/2017-06-24/%E7%81%AB%E5%BD%B1%E5%BF%8D%E8%80%85 HTTP/1.1" 404 1599 "http://localhost:3000/" "Mozilla/5.0 (Macintosh; Intel Mac OS X 10_11_6) AppleWebKit/537.36 (KHTML, like Gecko) Chrome/58.0.3029.110 Safari/537.36"
::1 - - [Mon, 26 Jun 2017 03:25:40 GMT] "GET /u/someone/2017-06-24/%E7%81%AB%E5%BD%B1%E5%BF%8D%E8%80%85 HTTP/1.1" 404 1599 "http://localhost:3000/" "Mozilla/5.0 (Macintosh; Intel Mac OS X 10_11_6) AppleWebKit/537.36 (KHTML, like Gecko) Chrome/58.0.3029.110 Safari/537.36"
::1 - - [Mon, 26 Jun 2017 03:30:08 GMT] "GET /u/someone/2017-06-23/%E6%B5%B7%E8%B4%BC%E7%8E%8B HTTP/1.1" 404 1599 "http://localhost:3000/" "Mozilla/5.0 (Macintosh; Intel Mac OS X 10_11_6) AppleWebKit/537.36 (KHTML, like Gecko) Chrome/58.0.3029.110 Safari/537.36"
::1 - - [Mon, 26 Jun 2017 03:34:20 GMT] "GET /u/someone/2017-06-24/%E7%81%AB%E5%BD%B1%E5%BF%8D%E8%80%85 HTTP/1.1" 404 1599 "http://localhost:3000/" "Mozilla/5.0 (Macintosh; Intel Mac OS X 10_11_6) AppleWebKit/537.36 (KHTML, like Gecko) Chrome/58.0.3029.110 Safari/537.36"
::1 - - [Mon, 26 Jun 2017 03:36:06 GMT] "GET /u/someone/2017-06-24/%E7%81%AB%E5%BD%B1%E5%BF%8D%E8%80%85 HTTP/1.1" 404 1599 "http://localhost:3000/" "Mozilla/5.0 (Macintosh; Intel Mac OS X 10_11_6) AppleWebKit/537.36 (KHTML, like Gecko) Chrome/58.0.3029.110 Safari/537.36"
::1 - - [Mon, 26 Jun 2017 03:36:07 GMT] "GET /u/someone/2017-06-24/%E7%81%AB%E5%BD%B1%E5%BF%8D%E8%80%85 HTTP/1.1" 404 1599 "http://localhost:3000/" "Mozilla/5.0 (Macintosh; Intel Mac OS X 10_11_6) AppleWebKit/537.36 (KHTML, like Gecko) Chrome/58.0.3029.110 Safari/537.36"
::1 - - [Mon, 26 Jun 2017 03:36:14 GMT] "GET /u/someone/2017-06-24/%E7%81%AB%E5%BD%B1%E5%BF%8D%E8%80%85 HTTP/1.1" 404 1599 "http://localhost:3000/" "Mozilla/5.0 (Macintosh; Intel Mac OS X 10_11_6) AppleWebKit/537.36 (KHTML, like Gecko) Chrome/58.0.3029.110 Safari/537.36"
::1 - - [Mon, 26 Jun 2017 03:39:05 GMT] "GET /u/someone/2017-06-24/%E7%81%AB%E5%BD%B1%E5%BF%8D%E8%80%85 HTTP/1.1" 404 1599 "http://localhost:3000/" "Mozilla/5.0 (Macintosh; Intel Mac OS X 10_11_6) AppleWebKit/537.36 (KHTML, like Gecko) Chrome/58.0.3029.110 Safari/537.36"
::1 - - [Mon, 26 Jun 2017 03:39:08 GMT] "GET /u/someone/2017-06-23/%E6%B5%B7%E8%B4%BC%E7%8E%8B HTTP/1.1" 404 1599 "http://localhost:3000/" "Mozilla/5.0 (Macintosh; Intel Mac OS X 10_11_6) AppleWebKit/537.36 (KHTML, like Gecko) Chrome/58.0.3029.110 Safari/537.36"
::1 - - [Mon, 26 Jun 2017 03:40:51 GMT] "GET /u/someone/2017-06-23/%E6%B5%B7%E8%B4%BC%E7%8E%8B HTTP/1.1" 404 1599 "http://localhost:3000/" "Mozilla/5.0 (Macintosh; Intel Mac OS X 10_11_6) AppleWebKit/537.36 (KHTML, like Gecko) Chrome/58.0.3029.110 Safari/537.36"
::1 - - [Mon, 26 Jun 2017 03:41:04 GMT] "GET /u/someone/2017-06-23/%E6%B5%B7%E8%B4%BC%E7%8E%8B HTTP/1.1" 404 1599 "http://localhost:3000/" "Mozilla/5.0 (Macintosh; Intel Mac OS X 10_11_6) AppleWebKit/537.36 (KHTML, like Gecko) Chrome/58.0.3029.110 Safari/537.36"
::1 - - [Mon, 26 Jun 2017 03:41:19 GMT] "GET /u/someone/2017-06-24/%E7%81%AB%E5%BD%B1%E5%BF%8D%E8%80%85 HTTP/1.1" 404 1599 "http://localhost:3000/" "Mozilla/5.0 (Macintosh; Intel Mac OS X 10_11_6) AppleWebKit/537.36 (KHTML, like Gecko) Chrome/58.0.3029.110 Safari/537.36"
::1 - - [Mon, 26 Jun 2017 03:41:58 GMT] "GET /u/someone/2017-06-24/%E7%81%AB%E5%BD%B1%E5%BF%8D%E8%80%85 HTTP/1.1" 404 1599 "http://localhost:3000/" "Mozilla/5.0 (Macintosh; Intel Mac OS X 10_11_6) AppleWebKit/537.36 (KHTML, like Gecko) Chrome/58.0.3029.110 Safari/537.36"
::1 - - [Mon, 26 Jun 2017 03:43:12 GMT] "GET /u/someone/2017-06-24/%E7%81%AB%E5%BD%B1%E5%BF%8D%E8%80%85 HTTP/1.1" 404 1599 "http://localhost:3000/" "Mozilla/5.0 (Macintosh; Intel Mac OS X 10_11_6) AppleWebKit/537.36 (KHTML, like Gecko) Chrome/58.0.3029.110 Safari/537.36"
::1 - - [Mon, 26 Jun 2017 03:44:50 GMT] "GET /u/someone/2017-06-24/%E7%81%AB%E5%BD%B1%E5%BF%8D%E8%80%85 HTTP/1.1" 404 1599 "http://localhost:3000/" "Mozilla/5.0 (Macintosh; Intel Mac OS X 10_11_6) AppleWebKit/537.36 (KHTML, like Gecko) Chrome/58.0.3029.110 Safari/537.36"
::1 - - [Mon, 26 Jun 2017 03:44:52 GMT] "GET /u/someone/2017-06-24/%E7%81%AB%E5%BD%B1%E5%BF%8D%E8%80%85 HTTP/1.1" 404 1599 "http://localhost:3000/" "Mozilla/5.0 (Macintosh; Intel Mac OS X 10_11_6) AppleWebKit/537.36 (KHTML, like Gecko) Chrome/58.0.3029.110 Safari/537.36"
::1 - - [Mon, 26 Jun 2017 03:46:40 GMT] "GET /u/someone/2017-06-23/%E6%B5%B7%E8%B4%BC%E7%8E%8B HTTP/1.1" 404 1599 "http://localhost:3000/" "Mozilla/5.0 (Macintosh; Intel Mac OS X 10_11_6) AppleWebKit/537.36 (KHTML, like Gecko) Chrome/58.0.3029.110 Safari/537.36"
::1 - - [Mon, 26 Jun 2017 06:35:47 GMT] "GET /?p=2 HTTP/1.1" 404 1599 "http://localhost:3000/" "Mozilla/5.0 (Macintosh; Intel Mac OS X 10_11_6) AppleWebKit/537.36 (KHTML, like Gecko) Chrome/58.0.3029.110 Safari/537.36"
::1 - - [Mon, 26 Jun 2017 06:36:29 GMT] "GET /?p=2 HTTP/1.1" 404 1599 "http://localhost:3000/" "Mozilla/5.0 (Macintosh; Intel Mac OS X 10_11_6) AppleWebKit/537.36 (KHTML, like Gecko) Chrome/58.0.3029.110 Safari/537.36"
::1 - - [Mon, 26 Jun 2017 06:36:52 GMT] "GET /u/someone HTTP/1.1" 404 1599 "http://localhost:3000/" "Mozilla/5.0 (Macintosh; Intel Mac OS X 10_11_6) AppleWebKit/537.36 (KHTML, like Gecko) Chrome/58.0.3029.110 Safari/537.36"
::1 - - [Mon, 26 Jun 2017 06:36:58 GMT] "GET /u/someone HTTP/1.1" 404 1599 "http://localhost:3000/" "Mozilla/5.0 (Macintosh; Intel Mac OS X 10_11_6) AppleWebKit/537.36 (KHTML, like Gecko) Chrome/58.0.3029.110 Safari/537.36"
::1 - - [Mon, 26 Jun 2017 06:38:33 GMT] "GET /u/someone HTTP/1.1" 404 1599 "http://localhost:3000/" "Mozilla/5.0 (Macintosh; Intel Mac OS X 10_11_6) AppleWebKit/537.36 (KHTML, like Gecko) Chrome/58.0.3029.110 Safari/537.36"
::1 - - [Mon, 26 Jun 2017 06:38:39 GMT] "GET /u/someone HTTP/1.1" 404 1599 "http://localhost:3000/" "Mozilla/5.0 (Macintosh; Intel Mac OS X 10_11_6) AppleWebKit/537.36 (KHTML, like Gecko) Chrome/58.0.3029.110 Safari/537.36"
::1 - - [Mon, 26 Jun 2017 06:40:25 GMT] "GET /?p=2 HTTP/1.1" 404 1599 "http://localhost:3000/" "Mozilla/5.0 (Macintosh; Intel Mac OS X 10_11_6) AppleWebKit/537.36 (KHTML, like Gecko) Chrome/58.0.3029.110 Safari/537.36"
::1 - - [Mon, 26 Jun 2017 06:40:31 GMT] "GET /?p=2 HTTP/1.1" 404 1599 "http://localhost:3000/" "Mozilla/5.0 (Macintosh; Intel Mac OS X 10_11_6) AppleWebKit/537.36 (KHTML, like Gecko) Chrome/58.0.3029.110 Safari/537.36"
::1 - - [Mon, 26 Jun 2017 06:41:24 GMT] "GET /?p=2 HTTP/1.1" 404 1599 "http://localhost:3000/" "Mozilla/5.0 (Macintosh; Intel Mac OS X 10_11_6) AppleWebKit/537.36 (KHTML, like Gecko) Chrome/58.0.3029.110 Safari/537.36"
::1 - - [Mon, 26 Jun 2017 08:26:33 GMT] "GET /archive HTTP/1.1" 404 1599 "http://localhost:3000/" "Mozilla/5.0 (Macintosh; Intel Mac OS X 10_11_6) AppleWebKit/537.36 (KHTML, like Gecko) Chrome/58.0.3029.110 Safari/537.36"
::1 - - [Mon, 26 Jun 2017 08:27:18 GMT] "GET /archive HTTP/1.1" 404 1599 "http://localhost:3000/" "Mozilla/5.0 (Macintosh; Intel Mac OS X 10_11_6) AppleWebKit/537.36 (KHTML, like Gecko) Chrome/58.0.3029.110 Safari/537.36"
::1 - - [Mon, 26 Jun 2017 08:29:50 GMT] "GET /archive HTTP/1.1" 404 1599 "http://localhost:3000/" "Mozilla/5.0 (Macintosh; Intel Mac OS X 10_11_6) AppleWebKit/537.36 (KHTML, like Gecko) Chrome/58.0.3029.110 Safari/537.36"
::1 - - [Mon, 26 Jun 2017 08:30:19 GMT] "GET /archive HTTP/1.1" 404 1599 "http://localhost:3000/" "Mozilla/5.0 (Macintosh; Intel Mac OS X 10_11_6) AppleWebKit/537.36 (KHTML, like Gecko) Chrome/58.0.3029.110 Safari/537.36"
::1 - - [Mon, 26 Jun 2017 08:30:21 GMT] "GET /archive HTTP/1.1" 404 1599 "http://localhost:3000/" "Mozilla/5.0 (Macintosh; Intel Mac OS X 10_11_6) AppleWebKit/537.36 (KHTML, like Gecko) Chrome/58.0.3029.110 Safari/537.36"
::1 - - [Mon, 26 Jun 2017 08:32:40 GMT] "GET /archive HTTP/1.1" 404 1599 "http://localhost:3000/" "Mozilla/5.0 (Macintosh; Intel Mac OS X 10_11_6) AppleWebKit/537.36 (KHTML, like Gecko) Chrome/58.0.3029.110 Safari/537.36"
::1 - - [Mon, 26 Jun 2017 08:32:57 GMT] "GET /archive HTTP/1.1" 404 1599 "http://localhost:3000/" "Mozilla/5.0 (Macintosh; Intel Mac OS X 10_11_6) AppleWebKit/537.36 (KHTML, like Gecko) Chrome/58.0.3029.110 Safari/537.36"
::1 - - [Mon, 26 Jun 2017 08:32:58 GMT] "GET /archive HTTP/1.1" 404 1599 "http://localhost:3000/" "Mozilla/5.0 (Macintosh; Intel Mac OS X 10_11_6) AppleWebKit/537.36 (KHTML, like Gecko) Chrome/58.0.3029.110 Safari/537.36"
::1 - - [Mon, 26 Jun 2017 08:33:13 GMT] "GET /archive HTTP/1.1" 404 1599 "http://localhost:3000/" "Mozilla/5.0 (Macintosh; Intel Mac OS X 10_11_6) AppleWebKit/537.36 (KHTML, like Gecko) Chrome/58.0.3029.110 Safari/537.36"
::1 - - [Mon, 26 Jun 2017 08:34:39 GMT] "GET /archive HTTP/1.1" 404 1599 "http://localhost:3000/" "Mozilla/5.0 (Macintosh; Intel Mac OS X 10_11_6) AppleWebKit/537.36 (KHTML, like Gecko) Chrome/58.0.3029.110 Safari/537.36"
::1 - - [Mon, 26 Jun 2017 08:34:40 GMT] "GET /archive HTTP/1.1" 404 1599 "http://localhost:3000/" "Mozilla/5.0 (Macintosh; Intel Mac OS X 10_11_6) AppleWebKit/537.36 (KHTML, like Gecko) Chrome/58.0.3029.110 Safari/537.36"
::1 - - [Mon, 26 Jun 2017 08:34:41 GMT] "GET /archive HTTP/1.1" 404 1599 "http://localhost:3000/" "Mozilla/5.0 (Macintosh; Intel Mac OS X 10_11_6) AppleWebKit/537.36 (KHTML, like Gecko) Chrome/58.0.3029.110 Safari/537.36"
::1 - - [Mon, 26 Jun 2017 08:36:21 GMT] "GET /archive HTTP/1.1" 404 1599 "http://localhost:3000/" "Mozilla/5.0 (Macintosh; Intel Mac OS X 10_11_6) AppleWebKit/537.36 (KHTML, like Gecko) Chrome/58.0.3029.110 Safari/537.36"
::1 - - [Mon, 26 Jun 2017 08:36:23 GMT] "GET /archive HTTP/1.1" 404 1599 "http://localhost:3000/" "Mozilla/5.0 (Macintosh; Intel Mac OS X 10_11_6) AppleWebKit/537.36 (KHTML, like Gecko) Chrome/58.0.3029.110 Safari/537.36"
::1 - - [Mon, 26 Jun 2017 08:36:24 GMT] "GET /archive HTTP/1.1" 404 1599 "http://localhost:3000/" "Mozilla/5.0 (Macintosh; Intel Mac OS X 10_11_6) AppleWebKit/537.36 (KHTML, like Gecko) Chrome/58.0.3029.110 Safari/537.36"
::1 - - [Mon, 26 Jun 2017 08:36:24 GMT] "GET /archive HTTP/1.1" 404 1599 "http://localhost:3000/" "Mozilla/5.0 (Macintosh; Intel Mac OS X 10_11_6) AppleWebKit/537.36 (KHTML, like Gecko) Chrome/58.0.3029.110 Safari/537.36"
::1 - - [Mon, 26 Jun 2017 08:36:50 GMT] "GET /archive HTTP/1.1" 404 1599 "http://localhost:3000/" "Mozilla/5.0 (Macintosh; Intel Mac OS X 10_11_6) AppleWebKit/537.36 (KHTML, like Gecko) Chrome/58.0.3029.110 Safari/537.36"
::1 - - [Mon, 26 Jun 2017 08:36:51 GMT] "GET /archive HTTP/1.1" 404 1599 "http://localhost:3000/" "Mozilla/5.0 (Macintosh; Intel Mac OS X 10_11_6) AppleWebKit/537.36 (KHTML, like Gecko) Chrome/58.0.3029.110 Safari/537.36"
::1 - - [Mon, 26 Jun 2017 08:36:52 GMT] "GET /archive HTTP/1.1" 404 1599 "http://localhost:3000/" "Mozilla/5.0 (Macintosh; Intel Mac OS X 10_11_6) AppleWebKit/537.36 (KHTML, like Gecko) Chrome/58.0.3029.110 Safari/537.36"
::1 - - [Mon, 26 Jun 2017 08:36:53 GMT] "GET /archive HTTP/1.1" 404 1599 "http://localhost:3000/" "Mozilla/5.0 (Macintosh; Intel Mac OS X 10_11_6) AppleWebKit/537.36 (KHTML, like Gecko) Chrome/58.0.3029.110 Safari/537.36"
::1 - - [Mon, 26 Jun 2017 08:36:53 GMT] "GET /archive HTTP/1.1" 404 1599 "http://localhost:3000/" "Mozilla/5.0 (Macintosh; Intel Mac OS X 10_11_6) AppleWebKit/537.36 (KHTML, like Gecko) Chrome/58.0.3029.110 Safari/537.36"
::1 - - [Mon, 26 Jun 2017 08:36:54 GMT] "GET /archive HTTP/1.1" 404 1599 "http://localhost:3000/" "Mozilla/5.0 (Macintosh; Intel Mac OS X 10_11_6) AppleWebKit/537.36 (KHTML, like Gecko) Chrome/58.0.3029.110 Safari/537.36"
::1 - - [Mon, 26 Jun 2017 08:36:54 GMT] "GET /archive HTTP/1.1" 404 1599 "http://localhost:3000/" "Mozilla/5.0 (Macintosh; Intel Mac OS X 10_11_6) AppleWebKit/537.36 (KHTML, like Gecko) Chrome/58.0.3029.110 Safari/537.36"
::1 - - [Mon, 26 Jun 2017 08:36:54 GMT] "GET /archive HTTP/1.1" 404 1599 "http://localhost:3000/" "Mozilla/5.0 (Macintosh; Intel Mac OS X 10_11_6) AppleWebKit/537.36 (KHTML, like Gecko) Chrome/58.0.3029.110 Safari/537.36"
::1 - - [Mon, 26 Jun 2017 08:36:55 GMT] "GET /archive HTTP/1.1" 404 1599 "http://localhost:3000/" "Mozilla/5.0 (Macintosh; Intel Mac OS X 10_11_6) AppleWebKit/537.36 (KHTML, like Gecko) Chrome/58.0.3029.110 Safari/537.36"
::1 - - [Mon, 26 Jun 2017 08:37:15 GMT] "GET /archive HTTP/1.1" 404 1599 "http://localhost:3000/" "Mozilla/5.0 (Macintosh; Intel Mac OS X 10_11_6) AppleWebKit/537.36 (KHTML, like Gecko) Chrome/58.0.3029.110 Safari/537.36"
::1 - - [Mon, 26 Jun 2017 08:37:27 GMT] "GET /archive HTTP/1.1" 404 1599 "http://localhost:3000/" "Mozilla/5.0 (Macintosh; Intel Mac OS X 10_11_6) AppleWebKit/537.36 (KHTML, like Gecko) Chrome/58.0.3029.110 Safari/537.36"
::1 - - [Mon, 26 Jun 2017 08:37:28 GMT] "GET /archive HTTP/1.1" 404 1599 "http://localhost:3000/" "Mozilla/5.0 (Macintosh; Intel Mac OS X 10_11_6) AppleWebKit/537.36 (KHTML, like Gecko) Chrome/58.0.3029.110 Safari/537.36"
::1 - - [Mon, 26 Jun 2017 08:37:29 GMT] "GET /archive HTTP/1.1" 404 1599 "http://localhost:3000/" "Mozilla/5.0 (Macintosh; Intel Mac OS X 10_11_6) AppleWebKit/537.36 (KHTML, like Gecko) Chrome/58.0.3029.110 Safari/537.36"
::1 - - [Mon, 26 Jun 2017 08:37:30 GMT] "GET /archive HTTP/1.1" 404 1599 "http://localhost:3000/" "Mozilla/5.0 (Macintosh; Intel Mac OS X 10_11_6) AppleWebKit/537.36 (KHTML, like Gecko) Chrome/58.0.3029.110 Safari/537.36"
::1 - - [Mon, 26 Jun 2017 08:37:30 GMT] "GET /archive HTTP/1.1" 404 1599 "http://localhost:3000/" "Mozilla/5.0 (Macintosh; Intel Mac OS X 10_11_6) AppleWebKit/537.36 (KHTML, like Gecko) Chrome/58.0.3029.110 Safari/537.36"
::1 - - [Mon, 26 Jun 2017 08:37:31 GMT] "GET /archive HTTP/1.1" 404 1599 "http://localhost:3000/" "Mozilla/5.0 (Macintosh; Intel Mac OS X 10_11_6) AppleWebKit/537.36 (KHTML, like Gecko) Chrome/58.0.3029.110 Safari/537.36"
::1 - - [Mon, 26 Jun 2017 08:37:31 GMT] "GET /archive HTTP/1.1" 404 1599 "http://localhost:3000/" "Mozilla/5.0 (Macintosh; Intel Mac OS X 10_11_6) AppleWebKit/537.36 (KHTML, like Gecko) Chrome/58.0.3029.110 Safari/537.36"
::1 - - [Mon, 26 Jun 2017 08:37:32 GMT] "GET /archive HTTP/1.1" 404 1599 "http://localhost:3000/" "Mozilla/5.0 (Macintosh; Intel Mac OS X 10_11_6) AppleWebKit/537.36 (KHTML, like Gecko) Chrome/58.0.3029.110 Safari/537.36"
::1 - - [Mon, 26 Jun 2017 08:37:56 GMT] "GET /archive HTTP/1.1" 404 1599 "http://localhost:3000/" "Mozilla/5.0 (Macintosh; Intel Mac OS X 10_11_6) AppleWebKit/537.36 (KHTML, like Gecko) Chrome/58.0.3029.110 Safari/537.36"
::1 - - [Mon, 26 Jun 2017 08:37:58 GMT] "GET /archive HTTP/1.1" 404 1599 "http://localhost:3000/" "Mozilla/5.0 (Macintosh; Intel Mac OS X 10_11_6) AppleWebKit/537.36 (KHTML, like Gecko) Chrome/58.0.3029.110 Safari/537.36"
::1 - - [Mon, 26 Jun 2017 08:38:06 GMT] "GET /archive HTTP/1.1" 404 1599 "http://localhost:3000/" "Mozilla/5.0 (Macintosh; Intel Mac OS X 10_11_6) AppleWebKit/537.36 (KHTML, like Gecko) Chrome/58.0.3029.110 Safari/537.36"
::1 - - [Mon, 26 Jun 2017 08:38:07 GMT] "GET /archive HTTP/1.1" 404 1599 "http://localhost:3000/" "Mozilla/5.0 (Macintosh; Intel Mac OS X 10_11_6) AppleWebKit/537.36 (KHTML, like Gecko) Chrome/58.0.3029.110 Safari/537.36"
::1 - - [Mon, 26 Jun 2017 08:38:08 GMT] "GET /archive HTTP/1.1" 404 1599 "http://localhost:3000/" "Mozilla/5.0 (Macintosh; Intel Mac OS X 10_11_6) AppleWebKit/537.36 (KHTML, like Gecko) Chrome/58.0.3029.110 Safari/537.36"
::1 - - [Mon, 26 Jun 2017 08:38:09 GMT] "GET /archive HTTP/1.1" 404 1599 "http://localhost:3000/" "Mozilla/5.0 (Macintosh; Intel Mac OS X 10_11_6) AppleWebKit/537.36 (KHTML, like Gecko) Chrome/58.0.3029.110 Safari/537.36"
::1 - - [Mon, 26 Jun 2017 08:38:10 GMT] "GET /archive HTTP/1.1" 404 1599 "http://localhost:3000/" "Mozilla/5.0 (Macintosh; Intel Mac OS X 10_11_6) AppleWebKit/537.36 (KHTML, like Gecko) Chrome/58.0.3029.110 Safari/537.36"
::1 - - [Mon, 26 Jun 2017 08:38:10 GMT] "GET /archive HTTP/1.1" 404 1599 "http://localhost:3000/" "Mozilla/5.0 (Macintosh; Intel Mac OS X 10_11_6) AppleWebKit/537.36 (KHTML, like Gecko) Chrome/58.0.3029.110 Safari/537.36"
::1 - - [Mon, 26 Jun 2017 08:38:11 GMT] "GET /archive HTTP/1.1" 404 1599 "http://localhost:3000/" "Mozilla/5.0 (Macintosh; Intel Mac OS X 10_11_6) AppleWebKit/537.36 (KHTML, like Gecko) Chrome/58.0.3029.110 Safari/537.36"
::1 - - [Mon, 26 Jun 2017 09:29:52 GMT] "GET /favicon.ico HTTP/1.1" 404 1676 "http://localhost:3000/" "Mozilla/5.0 (Macintosh; Intel Mac OS X 10_11_6) AppleWebKit/537.36 (KHTML, like Gecko) Chrome/58.0.3029.110 Safari/537.36"
::1 - - [Mon, 26 Jun 2017 09:31:31 GMT] "GET /favicon.ico HTTP/1.1" 404 1676 "http://localhost:3000/" "Mozilla/5.0 (Macintosh; Intel Mac OS X 10_11_6) AppleWebKit/537.36 (KHTML, like Gecko) Chrome/58.0.3029.110 Safari/537.36"
::1 - - [Mon, 26 Jun 2017 09:32:38 GMT] "GET /favicon.ico HTTP/1.1" 404 1676 "http://localhost:3000/" "Mozilla/5.0 (Macintosh; Intel Mac OS X 10_11_6) AppleWebKit/537.36 (KHTML, like Gecko) Chrome/58.0.3029.110 Safari/537.36"
::1 - - [Mon, 26 Jun 2017 09:33:00 GMT] "GET /favicon.ico HTTP/1.1" 404 1676 "http://localhost:3000/tags" "Mozilla/5.0 (Macintosh; Intel Mac OS X 10_11_6) AppleWebKit/537.36 (KHTML, like Gecko) Chrome/58.0.3029.110 Safari/537.36"
::1 - - [Mon, 26 Jun 2017 09:33:16 GMT] "GET /tags/%E9%9D%92%E6%98%A5 HTTP/1.1" 404 1676 "http://localhost:3000/tags" "Mozilla/5.0 (Macintosh; Intel Mac OS X 10_11_6) AppleWebKit/537.36 (KHTML, like Gecko) Chrome/58.0.3029.110 Safari/537.36"
::1 - - [Mon, 26 Jun 2017 09:54:29 GMT] "GET /favicon.ico HTTP/1.1" 404 1676 "http://localhost:3000/tags" "Mozilla/5.0 (Macintosh; Intel Mac OS X 10_11_6) AppleWebKit/537.36 (KHTML, like Gecko) Chrome/58.0.3029.110 Safari/537.36"
::1 - - [Mon, 26 Jun 2017 09:54:31 GMT] "GET /favicon.ico HTTP/1.1" 404 1676 "http://localhost:3000/tags" "Mozilla/5.0 (Macintosh; Intel Mac OS X 10_11_6) AppleWebKit/537.36 (KHTML, like Gecko) Chrome/58.0.3029.110 Safari/537.36"
::1 - - [Mon, 26 Jun 2017 09:54:33 GMT] "GET /favicon.ico HTTP/1.1" 404 1676 "http://localhost:3000/tags" "Mozilla/5.0 (Macintosh; Intel Mac OS X 10_11_6) AppleWebKit/537.36 (KHTML, like Gecko) Chrome/58.0.3029.110 Safari/537.36"
::1 - - [Mon, 26 Jun 2017 09:56:51 GMT] "GET /favicon.ico HTTP/1.1" 404 1676 "http://localhost:3000/tags" "Mozilla/5.0 (Macintosh; Intel Mac OS X 10_11_6) AppleWebKit/537.36 (KHTML, like Gecko) Chrome/58.0.3029.110 Safari/537.36"
::1 - - [Mon, 26 Jun 2017 09:56:56 GMT] "GET /u//2017-06-26/%E8%B6%B3%E7%90%83%E5%B0%8F%E5%AD%90 HTTP/1.1" 404 1676 "http://localhost:3000/tags/%E5%8A%B1%E5%BF%97" "Mozilla/5.0 (Macintosh; Intel Mac OS X 10_11_6) AppleWebKit/537.36 (KHTML, like Gecko) Chrome/58.0.3029.110 Safari/537.36"
::1 - - [Mon, 26 Jun 2017 09:57:03 GMT] "GET /u//2017-06-26/%E8%B6%B3%E7%90%83%E5%B0%8F%E5%AD%90 HTTP/1.1" 404 1676 "http://localhost:3000/tags/%E5%8A%B1%E5%BF%97" "Mozilla/5.0 (Macintosh; Intel Mac OS X 10_11_6) AppleWebKit/537.36 (KHTML, like Gecko) Chrome/58.0.3029.110 Safari/537.36"
::1 - - [Mon, 26 Jun 2017 09:58:06 GMT] "GET /favicon.ico HTTP/1.1" 404 1676 "http://localhost:3000/tags/%E5%8A%B1%E5%BF%97" "Mozilla/5.0 (Macintosh; Intel Mac OS X 10_11_6) AppleWebKit/537.36 (KHTML, like Gecko) Chrome/58.0.3029.110 Safari/537.36"
::1 - - [Mon, 26 Jun 2017 09:58:08 GMT] "GET /u//2017-06-26/%E8%B6%B3%E7%90%83%E5%B0%8F%E5%AD%90 HTTP/1.1" 404 1676 "http://localhost:3000/tags/%E5%8A%B1%E5%BF%97" "Mozilla/5.0 (Macintosh; Intel Mac OS X 10_11_6) AppleWebKit/537.36 (KHTML, like Gecko) Chrome/58.0.3029.110 Safari/537.36"
::1 - - [Mon, 26 Jun 2017 09:59:19 GMT] "GET /tags/%E5%8A%B1%E5%BF%97 HTTP/1.1" 404 1599 "http://localhost:3000/tags" "Mozilla/5.0 (Macintosh; Intel Mac OS X 10_11_6) AppleWebKit/537.36 (KHTML, like Gecko) Chrome/58.0.3029.110 Safari/537.36"
::1 - - [Mon, 26 Jun 2017 09:59:19 GMT] "GET /favicon.ico HTTP/1.1" 404 1676 "http://localhost:3000/tags/%E5%8A%B1%E5%BF%97" "Mozilla/5.0 (Macintosh; Intel Mac OS X 10_11_6) AppleWebKit/537.36 (KHTML, like Gecko) Chrome/58.0.3029.110 Safari/537.36"
::1 - - [Mon, 26 Jun 2017 09:59:24 GMT] "GET /favicon.ico HTTP/1.1" 404 1676 "http://localhost:3000/tags" "Mozilla/5.0 (Macintosh; Intel Mac OS X 10_11_6) AppleWebKit/537.36 (KHTML, like Gecko) Chrome/58.0.3029.110 Safari/537.36"
::1 - - [Mon, 26 Jun 2017 09:59:26 GMT] "GET /tags/%E5%8A%B1%E5%BF%97 HTTP/1.1" 404 1599 "http://localhost:3000/tags" "Mozilla/5.0 (Macintosh; Intel Mac OS X 10_11_6) AppleWebKit/537.36 (KHTML, like Gecko) Chrome/58.0.3029.110 Safari/537.36"
::1 - - [Mon, 26 Jun 2017 10:00:16 GMT] "GET /tags/%E5%8A%B1%E5%BF%97 HTTP/1.1" 404 1599 "http://localhost:3000/tags" "Mozilla/5.0 (Macintosh; Intel Mac OS X 10_11_6) AppleWebKit/537.36 (KHTML, like Gecko) Chrome/58.0.3029.110 Safari/537.36"
::1 - - [Mon, 26 Jun 2017 10:00:16 GMT] "GET /favicon.ico HTTP/1.1" 404 1676 "http://localhost:3000/tags/%E5%8A%B1%E5%BF%97" "Mozilla/5.0 (Macintosh; Intel Mac OS X 10_11_6) AppleWebKit/537.36 (KHTML, like Gecko) Chrome/58.0.3029.110 Safari/537.36"
::1 - - [Mon, 26 Jun 2017 10:00:21 GMT] "GET /favicon.ico HTTP/1.1" 404 1676 "http://localhost:3000/tags" "Mozilla/5.0 (Macintosh; Intel Mac OS X 10_11_6) AppleWebKit/537.36 (KHTML, like Gecko) Chrome/58.0.3029.110 Safari/537.36"
::1 - - [Mon, 26 Jun 2017 10:00:22 GMT] "GET /tags/%E5%8A%B1%E5%BF%97 HTTP/1.1" 404 1599 "http://localhost:3000/tags" "Mozilla/5.0 (Macintosh; Intel Mac OS X 10_11_6) AppleWebKit/537.36 (KHTML, like Gecko) Chrome/58.0.3029.110 Safari/537.36"
::1 - - [Mon, 26 Jun 2017 10:01:11 GMT] "GET /favicon.ico HTTP/1.1" 404 1676 "http://localhost:3000/tags/%E5%8A%B1%E5%BF%97" "Mozilla/5.0 (Macintosh; Intel Mac OS X 10_11_6) AppleWebKit/537.36 (KHTML, like Gecko) Chrome/58.0.3029.110 Safari/537.36"
::1 - - [Mon, 26 Jun 2017 10:02:05 GMT] "GET /favicon.ico HTTP/1.1" 404 1676 "http://localhost:3000/u/someone/2017-06-26/%E8%B6%B3%E7%90%83%E5%B0%8F%E5%AD%90" "Mozilla/5.0 (Macintosh; Intel Mac OS X 10_11_6) AppleWebKit/537.36 (KHTML, like Gecko) Chrome/58.0.3029.110 Safari/537.36"
::1 - - [Mon, 26 Jun 2017 10:03:50 GMT] "GET /favicon.ico HTTP/1.1" 404 1676 "http://localhost:3000/u/someone/2017-06-26/%E8%B6%B3%E7%90%83%E5%B0%8F%E5%AD%90" "Mozilla/5.0 (Macintosh; Intel Mac OS X 10_11_6) AppleWebKit/537.36 (KHTML, like Gecko) Chrome/58.0.3029.110 Safari/537.36"
::1 - - [Mon, 26 Jun 2017 10:04:23 GMT] "GET /favicon.ico HTTP/1.1" 404 1676 "http://localhost:3000/u/someone/2017-06-26/%E8%B6%B3%E7%90%83%E5%B0%8F%E5%AD%90" "Mozilla/5.0 (Macintosh; Intel Mac OS X 10_11_6) AppleWebKit/537.36 (KHTML, like Gecko) Chrome/58.0.3029.110 Safari/537.36"
::1 - - [Mon, 26 Jun 2017 10:16:00 GMT] "GET /favicon.ico HTTP/1.1" 404 1676 "http://localhost:3000/u/someone/2017-06-26/%E8%B6%B3%E7%90%83%E5%B0%8F%E5%AD%90" "Mozilla/5.0 (Macintosh; Intel Mac OS X 10_11_6) AppleWebKit/537.36 (KHTML, like Gecko) Chrome/58.0.3029.110 Safari/537.36"
::1 - - [Mon, 26 Jun 2017 10:23:23 GMT] "GET /favicon.ico HTTP/1.1" 404 1676 "http://localhost:3000/" "Mozilla/5.0 (Macintosh; Intel Mac OS X 10_11_6) AppleWebKit/537.36 (KHTML, like Gecko) Chrome/58.0.3029.110 Safari/537.36"
::1 - - [Mon, 26 Jun 2017 10:23:26 GMT] "GET /u/someone/2017-06-26/%E4%BD%A0%E7%9A%84%E5%90%8D%E5%AD%97 HTTP/1.1" 500 46 "http://localhost:3000/" "Mozilla/5.0 (Macintosh; Intel Mac OS X 10_11_6) AppleWebKit/537.36 (KHTML, like Gecko) Chrome/58.0.3029.110 Safari/537.36"
::1 - - [Mon, 26 Jun 2017 10:23:28 GMT] "GET /u/someone/2017-06-26/%E4%BD%A0%E7%9A%84%E5%90%8D%E5%AD%97 HTTP/1.1" 500 46 "http://localhost:3000/" "Mozilla/5.0 (Macintosh; Intel Mac OS X 10_11_6) AppleWebKit/537.36 (KHTML, like Gecko) Chrome/58.0.3029.110 Safari/537.36"
::1 - - [Mon, 26 Jun 2017 10:23:29 GMT] "GET /u/someone/2017-06-26/%E4%BD%A0%E7%9A%84%E5%90%8D%E5%AD%97 HTTP/1.1" 500 46 "http://localhost:3000/" "Mozilla/5.0 (Macintosh; Intel Mac OS X 10_11_6) AppleWebKit/537.36 (KHTML, like Gecko) Chrome/58.0.3029.110 Safari/537.36"
::1 - - [Mon, 26 Jun 2017 10:23:29 GMT] "GET /u/someone/2017-06-26/%E4%BD%A0%E7%9A%84%E5%90%8D%E5%AD%97 HTTP/1.1" 500 46 "http://localhost:3000/" "Mozilla/5.0 (Macintosh; Intel Mac OS X 10_11_6) AppleWebKit/537.36 (KHTML, like Gecko) Chrome/58.0.3029.110 Safari/537.36"
::1 - - [Mon, 26 Jun 2017 10:23:29 GMT] "GET /u/someone/2017-06-26/%E4%BD%A0%E7%9A%84%E5%90%8D%E5%AD%97 HTTP/1.1" 500 46 "http://localhost:3000/" "Mozilla/5.0 (Macintosh; Intel Mac OS X 10_11_6) AppleWebKit/537.36 (KHTML, like Gecko) Chrome/58.0.3029.110 Safari/537.36"
::1 - - [Mon, 26 Jun 2017 10:23:31 GMT] "GET /u/someone/2017-06-26/%E8%B6%B3%E7%90%83%E5%B0%8F%E5%AD%90 HTTP/1.1" 500 46 "http://localhost:3000/" "Mozilla/5.0 (Macintosh; Intel Mac OS X 10_11_6) AppleWebKit/537.36 (KHTML, like Gecko) Chrome/58.0.3029.110 Safari/537.36"
::1 - - [Mon, 26 Jun 2017 10:23:37 GMT] "GET /u/someone/2017-06-26/%E4%BD%A0%E7%9A%84%E5%90%8D%E5%AD%97 HTTP/1.1" 500 46 "http://localhost:3000/" "Mozilla/5.0 (Macintosh; Intel Mac OS X 10_11_6) AppleWebKit/537.36 (KHTML, like Gecko) Chrome/58.0.3029.110 Safari/537.36"
::1 - - [Mon, 26 Jun 2017 10:23:51 GMT] "GET /u/someone/2017-06-26/%E5%90%8D%E4%BE%A6%E6%8E%A2%E6%9F%AF%E5%8D%97 HTTP/1.1" 500 46 "http://localhost:3000/" "Mozilla/5.0 (Macintosh; Intel Mac OS X 10_11_6) AppleWebKit/537.36 (KHTML, like Gecko) Chrome/58.0.3029.110 Safari/537.36"
::1 - - [Mon, 26 Jun 2017 10:24:39 GMT] "GET /u/someone/2017-06-26/%E5%8D%83%E4%B8%8E%E5%8D%83%E5%AF%BB HTTP/1.1" 500 46 "http://localhost:3000/" "Mozilla/5.0 (Macintosh; Intel Mac OS X 10_11_6) AppleWebKit/537.36 (KHTML, like Gecko) Chrome/58.0.3029.110 Safari/537.36"
::1 - - [Mon, 26 Jun 2017 10:24:40 GMT] "GET /u/someone/2017-06-26/%E5%8D%83%E4%B8%8E%E5%8D%83%E5%AF%BB HTTP/1.1" 500 46 "http://localhost:3000/" "Mozilla/5.0 (Macintosh; Intel Mac OS X 10_11_6) AppleWebKit/537.36 (KHTML, like Gecko) Chrome/58.0.3029.110 Safari/537.36"
::1 - - [Mon, 26 Jun 2017 10:24:40 GMT] "GET /u/someone/2017-06-26/%E5%8D%83%E4%B8%8E%E5%8D%83%E5%AF%BB HTTP/1.1" 500 46 "http://localhost:3000/" "Mozilla/5.0 (Macintosh; Intel Mac OS X 10_11_6) AppleWebKit/537.36 (KHTML, like Gecko) Chrome/58.0.3029.110 Safari/537.36"
::1 - - [Mon, 26 Jun 2017 10:24:41 GMT] "GET /u/someone/2017-06-26/%E5%8D%83%E4%B8%8E%E5%8D%83%E5%AF%BB HTTP/1.1" 500 46 "http://localhost:3000/" "Mozilla/5.0 (Macintosh; Intel Mac OS X 10_11_6) AppleWebKit/537.36 (KHTML, like Gecko) Chrome/58.0.3029.110 Safari/537.36"
::1 - - [Mon, 26 Jun 2017 10:24:41 GMT] "GET /u/someone/2017-06-26/%E5%8D%83%E4%B8%8E%E5%8D%83%E5%AF%BB HTTP/1.1" 500 46 "http://localhost:3000/" "Mozilla/5.0 (Macintosh; Intel Mac OS X 10_11_6) AppleWebKit/537.36 (KHTML, like Gecko) Chrome/58.0.3029.110 Safari/537.36"
::1 - - [Mon, 26 Jun 2017 10:26:22 GMT] "GET /u/someone/2017-06-26/%E5%8D%83%E4%B8%8E%E5%8D%83%E5%AF%BB HTTP/1.1" 500 46 "http://localhost:3000/tags/%E5%AE%AB%E5%B4%8E%E9%AA%8F" "Mozilla/5.0 (Macintosh; Intel Mac OS X 10_11_6) AppleWebKit/537.36 (KHTML, like Gecko) Chrome/58.0.3029.110 Safari/537.36"
::1 - - [Mon, 26 Jun 2017 10:26:52 GMT] "GET /u/someone/2017-06-26/%E5%8D%83%E4%B8%8E%E5%8D%83%E5%AF%BB HTTP/1.1" 500 46 "http://localhost:3000/" "Mozilla/5.0 (Macintosh; Intel Mac OS X 10_11_6) AppleWebKit/537.36 (KHTML, like Gecko) Chrome/58.0.3029.110 Safari/537.36"
::1 - - [Mon, 26 Jun 2017 10:27:56 GMT] "GET /favicon.ico HTTP/1.1" 404 1676 "http://localhost:3000/" "Mozilla/5.0 (Macintosh; Intel Mac OS X 10_11_6) AppleWebKit/537.36 (KHTML, like Gecko) Chrome/58.0.3029.110 Safari/537.36"
::1 - - [Mon, 26 Jun 2017 10:29:32 GMT] "GET /u/someone/2017-06-26/%E6%B5%B7%E8%B4%BC%E7%8E%8B HTTP/1.1" 500 46 "http://localhost:3000/" "Mozilla/5.0 (Macintosh; Intel Mac OS X 10_11_6) AppleWebKit/537.36 (KHTML, like Gecko) Chrome/58.0.3029.110 Safari/537.36"
::1 - - [Mon, 26 Jun 2017 10:29:50 GMT] "GET /favicon.ico HTTP/1.1" 404 1676 "http://localhost:3000/" "Mozilla/5.0 (Macintosh; Intel Mac OS X 10_11_6) AppleWebKit/537.36 (KHTML, like Gecko) Chrome/58.0.3029.110 Safari/537.36"
::1 - - [Mon, 26 Jun 2017 10:29:52 GMT] "GET /u/someone/2017-06-26/%E6%B5%B7%E8%B4%BC%E7%8E%8B HTTP/1.1" 500 46 "http://localhost:3000/" "Mozilla/5.0 (Macintosh; Intel Mac OS X 10_11_6) AppleWebKit/537.36 (KHTML, like Gecko) Chrome/58.0.3029.110 Safari/537.36"
::1 - - [Mon, 26 Jun 2017 10:30:48 GMT] "GET /favicon.ico HTTP/1.1" 404 1676 "http://localhost:3000/" "Mozilla/5.0 (Macintosh; Intel Mac OS X 10_11_6) AppleWebKit/537.36 (KHTML, like Gecko) Chrome/58.0.3029.110 Safari/537.36"
::1 - - [Mon, 26 Jun 2017 10:30:49 GMT] "GET /favicon.ico HTTP/1.1" 404 1676 "http://localhost:3000/" "Mozilla/5.0 (Macintosh; Intel Mac OS X 10_11_6) AppleWebKit/537.36 (KHTML, like Gecko) Chrome/58.0.3029.110 Safari/537.36"
::1 - - [Mon, 26 Jun 2017 10:30:51 GMT] "GET /u/someone/2017-06-26/%E6%B5%B7%E8%B4%BC%E7%8E%8B HTTP/1.1" 500 46 "http://localhost:3000/" "Mozilla/5.0 (Macintosh; Intel Mac OS X 10_11_6) AppleWebKit/537.36 (KHTML, like Gecko) Chrome/58.0.3029.110 Safari/537.36"
::1 - - [Mon, 26 Jun 2017 10:41:24 GMT] "GET /favicon.ico HTTP/1.1" 404 1676 "http://localhost:3000/" "Mozilla/5.0 (Macintosh; Intel Mac OS X 10_11_6) AppleWebKit/537.36 (KHTML, like Gecko) Chrome/58.0.3029.110 Safari/537.36"
::1 - - [Mon, 26 Jun 2017 10:41:31 GMT] "GET /u/someone/2017-06-26/%E6%B5%B7%E8%B4%BC%E7%8E%8B HTTP/1.1" 500 46 "http://localhost:3000/" "Mozilla/5.0 (Macintosh; Intel Mac OS X 10_11_6) AppleWebKit/537.36 (KHTML, like Gecko) Chrome/58.0.3029.110 Safari/537.36"
::1 - - [Mon, 26 Jun 2017 10:42:05 GMT] "GET /favicon.ico HTTP/1.1" 404 1676 "http://localhost:3000/" "Mozilla/5.0 (Macintosh; Intel Mac OS X 10_11_6) AppleWebKit/537.36 (KHTML, like Gecko) Chrome/58.0.3029.110 Safari/537.36"
::1 - - [Mon, 26 Jun 2017 10:42:13 GMT] "GET /favicon.ico HTTP/1.1" 404 1676 "http://localhost:3000/" "Mozilla/5.0 (Macintosh; Intel Mac OS X 10_11_6) AppleWebKit/537.36 (KHTML, like Gecko) Chrome/58.0.3029.110 Safari/537.36"
::1 - - [Mon, 26 Jun 2017 10:42:15 GMT] "GET /favicon.ico HTTP/1.1" 404 1676 "http://localhost:3000/" "Mozilla/5.0 (Macintosh; Intel Mac OS X 10_11_6) AppleWebKit/537.36 (KHTML, like Gecko) Chrome/58.0.3029.110 Safari/537.36"
::1 - - [Mon, 26 Jun 2017 10:43:33 GMT] "GET /favicon.ico HTTP/1.1" 404 1676 "http://localhost:3000/" "Mozilla/5.0 (Macintosh; Intel Mac OS X 10_11_6) AppleWebKit/537.36 (KHTML, like Gecko) Chrome/58.0.3029.110 Safari/537.36"
::1 - - [Mon, 26 Jun 2017 10:43:34 GMT] "GET /favicon.ico HTTP/1.1" 404 1676 "http://localhost:3000/" "Mozilla/5.0 (Macintosh; Intel Mac OS X 10_11_6) AppleWebKit/537.36 (KHTML, like Gecko) Chrome/58.0.3029.110 Safari/537.36"
::1 - - [Mon, 26 Jun 2017 10:43:35 GMT] "GET /favicon.ico HTTP/1.1" 404 1676 "http://localhost:3000/" "Mozilla/5.0 (Macintosh; Intel Mac OS X 10_11_6) AppleWebKit/537.36 (KHTML, like Gecko) Chrome/58.0.3029.110 Safari/537.36"
::1 - - [Mon, 26 Jun 2017 10:43:37 GMT] "GET /u/someone/2017-06-26/%E6%B5%B7%E8%B4%BC%E7%8E%8B HTTP/1.1" 500 46 "http://localhost:3000/" "Mozilla/5.0 (Macintosh; Intel Mac OS X 10_11_6) AppleWebKit/537.36 (KHTML, like Gecko) Chrome/58.0.3029.110 Safari/537.36"
::1 - - [Mon, 26 Jun 2017 10:45:51 GMT] "GET /favicon.ico HTTP/1.1" 404 1676 "http://localhost:3000/" "Mozilla/5.0 (Macintosh; Intel Mac OS X 10_11_6) AppleWebKit/537.36 (KHTML, like Gecko) Chrome/58.0.3029.110 Safari/537.36"
::1 - - [Mon, 26 Jun 2017 10:45:52 GMT] "GET /favicon.ico HTTP/1.1" 404 1676 "http://localhost:3000/" "Mozilla/5.0 (Macintosh; Intel Mac OS X 10_11_6) AppleWebKit/537.36 (KHTML, like Gecko) Chrome/58.0.3029.110 Safari/537.36"
::1 - - [Mon, 26 Jun 2017 10:45:56 GMT] "GET /u/someone/2017-06-26/%E6%B5%B7%E8%B4%BC%E7%8E%8B HTTP/1.1" 500 46 "http://localhost:3000/" "Mozilla/5.0 (Macintosh; Intel Mac OS X 10_11_6) AppleWebKit/537.36 (KHTML, like Gecko) Chrome/58.0.3029.110 Safari/537.36"
::1 - - [Mon, 26 Jun 2017 10:48:36 GMT] "GET /favicon.ico HTTP/1.1" 404 1676 "http://localhost:3000/" "Mozilla/5.0 (Macintosh; Intel Mac OS X 10_11_6) AppleWebKit/537.36 (KHTML, like Gecko) Chrome/58.0.3029.110 Safari/537.36"
::1 - - [Mon, 26 Jun 2017 10:53:11 GMT] "GET /favicon.ico HTTP/1.1" 404 1676 "http://localhost:3000/" "Mozilla/5.0 (Macintosh; Intel Mac OS X 10_11_6) AppleWebKit/537.36 (KHTML, like Gecko) Chrome/58.0.3029.110 Safari/537.36"
::1 - - [Mon, 26 Jun 2017 10:55:33 GMT] "GET /favicon.ico HTTP/1.1" 404 1676 "http://localhost:3000/" "Mozilla/5.0 (Macintosh; Intel Mac OS X 10_11_6) AppleWebKit/537.36 (KHTML, like Gecko) Chrome/58.0.3029.110 Safari/537.36"
::1 - - [Mon, 26 Jun 2017 10:56:26 GMT] "GET /favicon.ico HTTP/1.1" 404 1676 "http://localhost:3000/" "Mozilla/5.0 (Macintosh; Intel Mac OS X 10_11_6) AppleWebKit/537.36 (KHTML, like Gecko) Chrome/58.0.3029.110 Safari/537.36"
::1 - - [Mon, 26 Jun 2017 10:57:57 GMT] "GET /favicon.ico HTTP/1.1" 404 1676 "http://localhost:3000/" "Mozilla/5.0 (Macintosh; Intel Mac OS X 10_11_6) AppleWebKit/537.36 (KHTML, like Gecko) Chrome/58.0.3029.110 Safari/537.36"
::1 - - [Mon, 26 Jun 2017 10:58:45 GMT] "GET /favicon.ico HTTP/1.1" 404 1676 "http://localhost:3000/" "Mozilla/5.0 (Macintosh; Intel Mac OS X 10_11_6) AppleWebKit/537.36 (KHTML, like Gecko) Chrome/58.0.3029.110 Safari/537.36"
::1 - - [Mon, 26 Jun 2017 10:59:24 GMT] "GET /favicon.ico HTTP/1.1" 404 1676 "http://localhost:3000/" "Mozilla/5.0 (Macintosh; Intel Mac OS X 10_11_6) AppleWebKit/537.36 (KHTML, like Gecko) Chrome/58.0.3029.110 Safari/537.36"
::1 - - [Mon, 26 Jun 2017 11:00:15 GMT] "GET /favicon.ico HTTP/1.1" 404 1676 "http://localhost:3000/" "Mozilla/5.0 (Macintosh; Intel Mac OS X 10_11_6) AppleWebKit/537.36 (KHTML, like Gecko) Chrome/58.0.3029.110 Safari/537.36"
::1 - - [Mon, 26 Jun 2017 11:01:09 GMT] "GET /favicon.ico HTTP/1.1" 404 1676 "http://localhost:3000/" "Mozilla/5.0 (Macintosh; Intel Mac OS X 10_11_6) AppleWebKit/537.36 (KHTML, like Gecko) Chrome/58.0.3029.110 Safari/537.36"
::1 - - [Mon, 26 Jun 2017 11:50:46 GMT] "GET /favicon.ico HTTP/1.1" 404 1676 "http://localhost:3000/" "Mozilla/5.0 (Macintosh; Intel Mac OS X 10_11_6) AppleWebKit/537.36 (KHTML, like Gecko) Chrome/58.0.3029.110 Safari/537.36"
::1 - - [Mon, 26 Jun 2017 11:51:00 GMT] "GET /search?keyword=%E6%B5%B7 HTTP/1.1" 404 1599 "http://localhost:3000/" "Mozilla/5.0 (Macintosh; Intel Mac OS X 10_11_6) AppleWebKit/537.36 (KHTML, like Gecko) Chrome/58.0.3029.110 Safari/537.36"
::1 - - [Mon, 26 Jun 2017 11:51:47 GMT] "GET /search?keyword=%E6%B5%B7 HTTP/1.1" 404 1599 "http://localhost:3000/" "Mozilla/5.0 (Macintosh; Intel Mac OS X 10_11_6) AppleWebKit/537.36 (KHTML, like Gecko) Chrome/58.0.3029.110 Safari/537.36"
::1 - - [Mon, 26 Jun 2017 11:51:47 GMT] "GET /favicon.ico HTTP/1.1" 404 1676 "http://localhost:3000/search?keyword=%E6%B5%B7" "Mozilla/5.0 (Macintosh; Intel Mac OS X 10_11_6) AppleWebKit/537.36 (KHTML, like Gecko) Chrome/58.0.3029.110 Safari/537.36"
::1 - - [Mon, 26 Jun 2017 11:52:10 GMT] "GET /search?keyword=%E6%B5%B7 HTTP/1.1" 404 1599 "http://localhost:3000/" "Mozilla/5.0 (Macintosh; Intel Mac OS X 10_11_6) AppleWebKit/537.36 (KHTML, like Gecko) Chrome/58.0.3029.110 Safari/537.36"
::1 - - [Mon, 26 Jun 2017 11:52:11 GMT] "GET /favicon.ico HTTP/1.1" 404 1676 "http://localhost:3000/search?keyword=%E6%B5%B7" "Mozilla/5.0 (Macintosh; Intel Mac OS X 10_11_6) AppleWebKit/537.36 (KHTML, like Gecko) Chrome/58.0.3029.110 Safari/537.36"
::1 - - [Mon, 26 Jun 2017 11:52:12 GMT] "GET /search?keyword=%E6%B5%B7 HTTP/1.1" 404 1599 "http://localhost:3000/" "Mozilla/5.0 (Macintosh; Intel Mac OS X 10_11_6) AppleWebKit/537.36 (KHTML, like Gecko) Chrome/58.0.3029.110 Safari/537.36"
::1 - - [Mon, 26 Jun 2017 11:52:13 GMT] "GET /favicon.ico HTTP/1.1" 404 1676 "http://localhost:3000/search?keyword=%E6%B5%B7" "Mozilla/5.0 (Macintosh; Intel Mac OS X 10_11_6) AppleWebKit/537.36 (KHTML, like Gecko) Chrome/58.0.3029.110 Safari/537.36"
::1 - - [Mon, 26 Jun 2017 11:52:19 GMT] "GET /search?keyword=%E6%B5%B7 HTTP/1.1" 404 1599 "http://localhost:3000/" "Mozilla/5.0 (Macintosh; Intel Mac OS X 10_11_6) AppleWebKit/537.36 (KHTML, like Gecko) Chrome/58.0.3029.110 Safari/537.36"
::1 - - [Mon, 26 Jun 2017 11:52:19 GMT] "GET /favicon.ico HTTP/1.1" 404 1676 "http://localhost:3000/search?keyword=%E6%B5%B7" "Mozilla/5.0 (Macintosh; Intel Mac OS X 10_11_6) AppleWebKit/537.36 (KHTML, like Gecko) Chrome/58.0.3029.110 Safari/537.36"
::1 - - [Mon, 26 Jun 2017 11:54:58 GMT] "GET /search?keyword=%E6%B5%B7 HTTP/1.1" 404 1599 "http://localhost:3000/" "Mozilla/5.0 (Macintosh; Intel Mac OS X 10_11_6) AppleWebKit/537.36 (KHTML, like Gecko) Chrome/58.0.3029.110 Safari/537.36"
::1 - - [Mon, 26 Jun 2017 11:54:58 GMT] "GET /favicon.ico HTTP/1.1" 404 1676 "http://localhost:3000/search?keyword=%E6%B5%B7" "Mozilla/5.0 (Macintosh; Intel Mac OS X 10_11_6) AppleWebKit/537.36 (KHTML, like Gecko) Chrome/58.0.3029.110 Safari/537.36"
::1 - - [Mon, 26 Jun 2017 11:55:03 GMT] "GET /favicon.ico HTTP/1.1" 404 1676 "http://localhost:3000/" "Mozilla/5.0 (Macintosh; Intel Mac OS X 10_11_6) AppleWebKit/537.36 (KHTML, like Gecko) Chrome/58.0.3029.110 Safari/537.36"
::1 - - [Mon, 26 Jun 2017 11:55:05 GMT] "GET /favicon.ico HTTP/1.1" 404 1676 "http://localhost:3000/" "Mozilla/5.0 (Macintosh; Intel Mac OS X 10_11_6) AppleWebKit/537.36 (KHTML, like Gecko) Chrome/58.0.3029.110 Safari/537.36"
::1 - - [Mon, 26 Jun 2017 11:55:13 GMT] "GET /search?keyword=%E7%8E%8B HTTP/1.1" 404 1599 "http://localhost:3000/" "Mozilla/5.0 (Macintosh; Intel Mac OS X 10_11_6) AppleWebKit/537.36 (KHTML, like Gecko) Chrome/58.0.3029.110 Safari/537.36"
::1 - - [Mon, 26 Jun 2017 11:55:47 GMT] "GET /favicon.ico HTTP/1.1" 404 1676 "http://localhost:3000/search?keyword=%E7%8E%8B" "Mozilla/5.0 (Macintosh; Intel Mac OS X 10_11_6) AppleWebKit/537.36 (KHTML, like Gecko) Chrome/58.0.3029.110 Safari/537.36"
::1 - - [Mon, 26 Jun 2017 12:01:34 GMT] "GET /favicon.ico HTTP/1.1" 404 1676 "http://localhost:3000/search?keyword=%E7%8E%8B" "Mozilla/5.0 (Macintosh; Intel Mac OS X 10_11_6) AppleWebKit/537.36 (KHTML, like Gecko) Chrome/58.0.3029.110 Safari/537.36"
::1 - - [Mon, 26 Jun 2017 12:01:39 GMT] "GET /123 HTTP/1.1" 404 1676 "-" "Mozilla/5.0 (Macintosh; Intel Mac OS X 10_11_6) AppleWebKit/537.36 (KHTML, like Gecko) Chrome/58.0.3029.110 Safari/537.36"
::1 - - [Tue, 27 Jun 2017 06:46:44 GMT] "GET /u/someone/2017-06-26/%E6%B5%B7%E8%B4%BC%E7%8E%8B HTTP/1.1" 404 1599 "http://localhost:3000/u/someone" "Mozilla/5.0 (Macintosh; Intel Mac OS X 10_11_6) AppleWebKit/537.36 (KHTML, like Gecko) Chrome/58.0.3029.110 Safari/537.36"
::1 - - [Tue, 27 Jun 2017 06:46:48 GMT] "GET /u/someone/2017-06-26/%E6%B5%B7%E8%B4%BC%E7%8E%8B HTTP/1.1" 404 1599 "http://localhost:3000/u/someone" "Mozilla/5.0 (Macintosh; Intel Mac OS X 10_11_6) AppleWebKit/537.36 (KHTML, like Gecko) Chrome/58.0.3029.110 Safari/537.36"
::1 - - [Tue, 27 Jun 2017 06:46:53 GMT] "GET / HTTP/1.1" 404 1599 "http://localhost:3000/u/someone" "Mozilla/5.0 (Macintosh; Intel Mac OS X 10_11_6) AppleWebKit/537.36 (KHTML, like Gecko) Chrome/58.0.3029.110 Safari/537.36"
::1 - - [Tue, 27 Jun 2017 06:46:57 GMT] "GET /u/someone HTTP/1.1" 404 1599 "http://localhost:3000/" "Mozilla/5.0 (Macintosh; Intel Mac OS X 10_11_6) AppleWebKit/537.36 (KHTML, like Gecko) Chrome/58.0.3029.110 Safari/537.36"
::1 - - [Tue, 27 Jun 2017 06:47:34 GMT] "GET / HTTP/1.1" 404 1599 "http://localhost:3000/u/someone/2017-06-26/%E6%B5%B7%E8%B4%BC%E7%8E%8B" "Mozilla/5.0 (Macintosh; Intel Mac OS X 10_11_6) AppleWebKit/537.36 (KHTML, like Gecko) Chrome/58.0.3029.110 Safari/537.36"
::1 - - [Tue, 27 Jun 2017 06:47:36 GMT] "GET / HTTP/1.1" 404 1599 "http://localhost:3000/u/someone/2017-06-26/%E6%B5%B7%E8%B4%BC%E7%8E%8B" "Mozilla/5.0 (Macintosh; Intel Mac OS X 10_11_6) AppleWebKit/537.36 (KHTML, like Gecko) Chrome/58.0.3029.110 Safari/537.36"
::1 - - [Tue, 27 Jun 2017 06:47:55 GMT] "GET / HTTP/1.1" 404 1599 "http://localhost:3000/u/someone/2017-06-26/%E6%B5%B7%E8%B4%BC%E7%8E%8B" "Mozilla/5.0 (Macintosh; Intel Mac OS X 10_11_6) AppleWebKit/537.36 (KHTML, like Gecko) Chrome/58.0.3029.110 Safari/537.36"
::1 - - [Tue, 27 Jun 2017 06:48:49 GMT] "GET / HTTP/1.1" 404 1599 "http://localhost:3000/u/someone/2017-06-26/%E6%B5%B7%E8%B4%BC%E7%8E%8B" "Mozilla/5.0 (Macintosh; Intel Mac OS X 10_11_6) AppleWebKit/537.36 (KHTML, like Gecko) Chrome/58.0.3029.110 Safari/537.36"
::1 - - [Tue, 27 Jun 2017 06:48:51 GMT] "GET / HTTP/1.1" 404 1599 "http://localhost:3000/u/someone/2017-06-26/%E6%B5%B7%E8%B4%BC%E7%8E%8B" "Mozilla/5.0 (Macintosh; Intel Mac OS X 10_11_6) AppleWebKit/537.36 (KHTML, like Gecko) Chrome/58.0.3029.110 Safari/537.36"
::1 - - [Tue, 27 Jun 2017 06:49:49 GMT] "GET / HTTP/1.1" 404 1599 "http://localhost:3000/u/someone/2017-06-26/%E6%B5%B7%E8%B4%BC%E7%8E%8B" "Mozilla/5.0 (Macintosh; Intel Mac OS X 10_11_6) AppleWebKit/537.36 (KHTML, like Gecko) Chrome/58.0.3029.110 Safari/537.36"
::1 - - [Tue, 27 Jun 2017 06:49:50 GMT] "GET / HTTP/1.1" 404 1599 "http://localhost:3000/u/someone/2017-06-26/%E6%B5%B7%E8%B4%BC%E7%8E%8B" "Mozilla/5.0 (Macintosh; Intel Mac OS X 10_11_6) AppleWebKit/537.36 (KHTML, like Gecko) Chrome/58.0.3029.110 Safari/537.36"
::1 - - [Tue, 27 Jun 2017 06:51:37 GMT] "GET / HTTP/1.1" 404 1599 "http://localhost:3000/u/someone/2017-06-26/%E6%B5%B7%E8%B4%BC%E7%8E%8B" "Mozilla/5.0 (Macintosh; Intel Mac OS X 10_11_6) AppleWebKit/537.36 (KHTML, like Gecko) Chrome/58.0.3029.110 Safari/537.36"
::1 - - [Tue, 27 Jun 2017 06:52:00 GMT] "GET / HTTP/1.1" 404 1599 "http://localhost:3000/u/someone/2017-06-26/%E6%B5%B7%E8%B4%BC%E7%8E%8B" "Mozilla/5.0 (Macintosh; Intel Mac OS X 10_11_6) AppleWebKit/537.36 (KHTML, like Gecko) Chrome/58.0.3029.110 Safari/537.36"
::1 - - [Tue, 27 Jun 2017 06:52:09 GMT] "GET / HTTP/1.1" 404 1599 "http://localhost:3000/u/someone/2017-06-26/%E6%B5%B7%E8%B4%BC%E7%8E%8B" "Mozilla/5.0 (Macintosh; Intel Mac OS X 10_11_6) AppleWebKit/537.36 (KHTML, like Gecko) Chrome/58.0.3029.110 Safari/537.36"
::1 - - [Tue, 27 Jun 2017 06:52:29 GMT] "GET / HTTP/1.1" 404 1599 "http://localhost:3000/u/someone/2017-06-26/%E6%B5%B7%E8%B4%BC%E7%8E%8B" "Mozilla/5.0 (Macintosh; Intel Mac OS X 10_11_6) AppleWebKit/537.36 (KHTML, like Gecko) Chrome/58.0.3029.110 Safari/537.36"
::1 - - [Tue, 27 Jun 2017 06:52:30 GMT] "GET / HTTP/1.1" 404 1599 "http://localhost:3000/u/someone/2017-06-26/%E6%B5%B7%E8%B4%BC%E7%8E%8B" "Mozilla/5.0 (Macintosh; Intel Mac OS X 10_11_6) AppleWebKit/537.36 (KHTML, like Gecko) Chrome/58.0.3029.110 Safari/537.36"
::1 - - [Tue, 27 Jun 2017 06:52:47 GMT] "GET / HTTP/1.1" 404 1599 "http://localhost:3000/u/someone/2017-06-26/%E6%B5%B7%E8%B4%BC%E7%8E%8B" "Mozilla/5.0 (Macintosh; Intel Mac OS X 10_11_6) AppleWebKit/537.36 (KHTML, like Gecko) Chrome/58.0.3029.110 Safari/537.36"
::1 - - [Tue, 27 Jun 2017 06:52:48 GMT] "GET / HTTP/1.1" 404 1599 "http://localhost:3000/u/someone/2017-06-26/%E6%B5%B7%E8%B4%BC%E7%8E%8B" "Mozilla/5.0 (Macintosh; Intel Mac OS X 10_11_6) AppleWebKit/537.36 (KHTML, like Gecko) Chrome/58.0.3029.110 Safari/537.36"
::1 - - [Tue, 27 Jun 2017 06:53:38 GMT] "GET /u/someone/2017-06-26/%E6%B5%B7%E8%B4%BC%E7%8E%8B HTTP/1.1" 404 1599 "http://localhost:3000/" "Mozilla/5.0 (Macintosh; Intel Mac OS X 10_11_6) AppleWebKit/537.36 (KHTML, like Gecko) Chrome/58.0.3029.110 Safari/537.36"
::1 - - [Tue, 27 Jun 2017 06:53:41 GMT] "GET /u/someone HTTP/1.1" 404 1599 "http://localhost:3000/" "Mozilla/5.0 (Macintosh; Intel Mac OS X 10_11_6) AppleWebKit/537.36 (KHTML, like Gecko) Chrome/58.0.3029.110 Safari/537.36"
::1 - - [Tue, 27 Jun 2017 06:54:26 GMT] "GET /u/someone/2017-06-26/%E6%B5%B7%E8%B4%BC%E7%8E%8B HTTP/1.1" 404 1599 "http://localhost:3000/" "Mozilla/5.0 (Macintosh; Intel Mac OS X 10_11_6) AppleWebKit/537.36 (KHTML, like Gecko) Chrome/58.0.3029.110 Safari/537.36"
::1 - - [Tue, 27 Jun 2017 06:54:29 GMT] "GET /u/someone HTTP/1.1" 404 1599 "http://localhost:3000/" "Mozilla/5.0 (Macintosh; Intel Mac OS X 10_11_6) AppleWebKit/537.36 (KHTML, like Gecko) Chrome/58.0.3029.110 Safari/537.36"
